{"uid":"d9525fe2d55587ca","name":"test_decorator_steps","fullName":"tests.test_steps#test_decorator_steps","historyId":"0ec84876de384187e37f98293337dc17","time":{"start":1670966876038,"stop":1670966876815,"duration":777},"status":"broken","statusMessage":"selenium.common.exceptions.WebDriverException: Message: unknown error: Chrome failed to start: exited abnormally.\n  (unknown error: DevToolsActivePort file doesn't exist)\n  (The process started from chrome location /usr/bin/google-chrome is no longer running, so ChromeDriver is assuming that Chrome has crashed.)\nStacktrace:\n#0 0x5580a5ede2a3 <unknown>\n#1 0x5580a5c9cf77 <unknown>\n#2 0x5580a5cc55f7 <unknown>\n#3 0x5580a5cc17d0 <unknown>\n#4 0x5580a5d020b7 <unknown>\n#5 0x5580a5d01a5f <unknown>\n#6 0x5580a5cf9903 <unknown>\n#7 0x5580a5cccece <unknown>\n#8 0x5580a5ccdfde <unknown>\n#9 0x5580a5f2e63e <unknown>\n#10 0x5580a5f31b79 <unknown>\n#11 0x5580a5f1489e <unknown>\n#12 0x5580a5f32a83 <unknown>\n#13 0x5580a5f07505 <unknown>\n#14 0x5580a5f53ca8 <unknown>\n#15 0x5580a5f53e36 <unknown>\n#16 0x5580a5f6f333 <unknown>\n#17 0x7fa444ae1b43 <unknown>","statusTrace":"def test_decorator_steps():\n>       open_main_page()\n\ntests/test_steps.py:29: \n_ _ _ _ _ _ _ _ _ _ _ _ _ _ _ _ _ _ _ _ _ _ _ _ _ _ _ _ _ _ _ _ _ _ _ _ _ _ _ _ \ntests/test_steps.py:38: in open_main_page\n    browser.open(\"https://github.com\")\n/opt/hostedtoolcache/Python/3.11.0/x64/lib/python3.11/site-packages/selene/support/shared/browser.py:83: in open\n    self.config.get_or_create_driver().get(url)\n/opt/hostedtoolcache/Python/3.11.0/x64/lib/python3.11/site-packages/selene/support/shared/config.py:301: in get_or_create_driver\n    return self._source.get_or_create()\n/opt/hostedtoolcache/Python/3.11.0/x64/lib/python3.11/site-packages/selene/support/shared/config.py:135: in get_or_create\n    return self.create()\n/opt/hostedtoolcache/Python/3.11.0/x64/lib/python3.11/site-packages/selene/support/shared/config.py:116: in create\n    self._stored = self._set_driver()\n/opt/hostedtoolcache/Python/3.11.0/x64/lib/python3.11/site-packages/selene/support/shared/config.py:203: in <lambda>\n    lambda: self._set_drivers_from_webdriver_manager()\n/opt/hostedtoolcache/Python/3.11.0/x64/lib/python3.11/site-packages/selene/support/shared/config.py:277: in _set_drivers_from_webdriver_manager\n    return {\n/opt/hostedtoolcache/Python/3.11.0/x64/lib/python3.11/site-packages/selene/support/shared/config.py:252: in get_chrome\n    return Chrome(\n/opt/hostedtoolcache/Python/3.11.0/x64/lib/python3.11/site-packages/selenium/webdriver/chrome/webdriver.py:69: in __init__\n    super().__init__(DesiredCapabilities.CHROME['browserName'], \"goog\",\n/opt/hostedtoolcache/Python/3.11.0/x64/lib/python3.11/site-packages/selenium/webdriver/chromium/webdriver.py:92: in __init__\n    super().__init__(\n/opt/hostedtoolcache/Python/3.11.0/x64/lib/python3.11/site-packages/selenium/webdriver/remote/webdriver.py:270: in __init__\n    self.start_session(capabilities, browser_profile)\n/opt/hostedtoolcache/Python/3.11.0/x64/lib/python3.11/site-packages/selenium/webdriver/remote/webdriver.py:363: in start_session\n    response = self.execute(Command.NEW_SESSION, parameters)\n/opt/hostedtoolcache/Python/3.11.0/x64/lib/python3.11/site-packages/selenium/webdriver/remote/webdriver.py:428: in execute\n    self.error_handler.check_response(response)\n_ _ _ _ _ _ _ _ _ _ _ _ _ _ _ _ _ _ _ _ _ _ _ _ _ _ _ _ _ _ _ _ _ _ _ _ _ _ _ _ \n\nself = <selenium.webdriver.remote.errorhandler.ErrorHandler object at 0x7fbe981dd4d0>\nresponse = {'status': 500, 'value': '{\"value\":{\"error\":\"unknown error\",\"message\":\"unknown error: Chrome failed to start: exited a...\\\\n#15 0x5580a5f53e36 \\\\u003Cunknown>\\\\n#16 0x5580a5f6f333 \\\\u003Cunknown>\\\\n#17 0x7fa444ae1b43 \\\\u003Cunknown>\\\\n\"}}'}\n\n    def check_response(self, response: Dict[str, Any]) -> None:\n        \"\"\"\n        Checks that a JSON response from the WebDriver does not have an error.\n    \n        :Args:\n         - response - The JSON response from the WebDriver server as a dictionary\n           object.\n    \n        :Raises: If the response contains an error message.\n        \"\"\"\n        status = response.get('status', None)\n        if not status or status == ErrorCode.SUCCESS:\n            return\n        value = None\n        message = response.get(\"message\", \"\")\n        screen: str = response.get(\"screen\", \"\")\n        stacktrace = None\n        if isinstance(status, int):\n            value_json = response.get('value', None)\n            if value_json and isinstance(value_json, str):\n                import json\n                try:\n                    value = json.loads(value_json)\n                    if len(value.keys()) == 1:\n                        value = value['value']\n                    status = value.get('error', None)\n                    if not status:\n                        status = value.get(\"status\", ErrorCode.UNKNOWN_ERROR)\n                        message = value.get(\"value\") or value.get(\"message\")\n                        if not isinstance(message, str):\n                            value = message\n                            message = message.get('message')\n                    else:\n                        message = value.get('message', None)\n                except ValueError:\n                    pass\n    \n        exception_class: Type[WebDriverException]\n        if status in ErrorCode.NO_SUCH_ELEMENT:\n            exception_class = NoSuchElementException\n        elif status in ErrorCode.NO_SUCH_FRAME:\n            exception_class = NoSuchFrameException\n        elif status in ErrorCode.NO_SUCH_SHADOW_ROOT:\n            exception_class = NoSuchShadowRootException\n        elif status in ErrorCode.NO_SUCH_WINDOW:\n            exception_class = NoSuchWindowException\n        elif status in ErrorCode.STALE_ELEMENT_REFERENCE:\n            exception_class = StaleElementReferenceException\n        elif status in ErrorCode.ELEMENT_NOT_VISIBLE:\n            exception_class = ElementNotVisibleException\n        elif status in ErrorCode.INVALID_ELEMENT_STATE:\n            exception_class = InvalidElementStateException\n        elif status in ErrorCode.INVALID_SELECTOR \\\n                or status in ErrorCode.INVALID_XPATH_SELECTOR \\\n                or status in ErrorCode.INVALID_XPATH_SELECTOR_RETURN_TYPER:\n            exception_class = InvalidSelectorException\n        elif status in ErrorCode.ELEMENT_IS_NOT_SELECTABLE:\n            exception_class = ElementNotSelectableException\n        elif status in ErrorCode.ELEMENT_NOT_INTERACTABLE:\n            exception_class = ElementNotInteractableException\n        elif status in ErrorCode.INVALID_COOKIE_DOMAIN:\n            exception_class = InvalidCookieDomainException\n        elif status in ErrorCode.UNABLE_TO_SET_COOKIE:\n            exception_class = UnableToSetCookieException\n        elif status in ErrorCode.TIMEOUT:\n            exception_class = TimeoutException\n        elif status in ErrorCode.SCRIPT_TIMEOUT:\n            exception_class = TimeoutException\n        elif status in ErrorCode.UNKNOWN_ERROR:\n            exception_class = WebDriverException\n        elif status in ErrorCode.UNEXPECTED_ALERT_OPEN:\n            exception_class = UnexpectedAlertPresentException\n        elif status in ErrorCode.NO_ALERT_OPEN:\n            exception_class = NoAlertPresentException\n        elif status in ErrorCode.IME_NOT_AVAILABLE:\n            exception_class = ImeNotAvailableException\n        elif status in ErrorCode.IME_ENGINE_ACTIVATION_FAILED:\n            exception_class = ImeActivationFailedException\n        elif status in ErrorCode.MOVE_TARGET_OUT_OF_BOUNDS:\n            exception_class = MoveTargetOutOfBoundsException\n        elif status in ErrorCode.JAVASCRIPT_ERROR:\n            exception_class = JavascriptException\n        elif status in ErrorCode.SESSION_NOT_CREATED:\n            exception_class = SessionNotCreatedException\n        elif status in ErrorCode.INVALID_ARGUMENT:\n            exception_class = InvalidArgumentException\n        elif status in ErrorCode.NO_SUCH_COOKIE:\n            exception_class = NoSuchCookieException\n        elif status in ErrorCode.UNABLE_TO_CAPTURE_SCREEN:\n            exception_class = ScreenshotException\n        elif status in ErrorCode.ELEMENT_CLICK_INTERCEPTED:\n            exception_class = ElementClickInterceptedException\n        elif status in ErrorCode.INSECURE_CERTIFICATE:\n            exception_class = InsecureCertificateException\n        elif status in ErrorCode.INVALID_COORDINATES:\n            exception_class = InvalidCoordinatesException\n        elif status in ErrorCode.INVALID_SESSION_ID:\n            exception_class = InvalidSessionIdException\n        elif status in ErrorCode.UNKNOWN_METHOD:\n            exception_class = UnknownMethodException\n        else:\n            exception_class = WebDriverException\n        if not value:\n            value = response['value']\n        if isinstance(value, str):\n            raise exception_class(value)\n        if message == \"\" and 'message' in value:\n            message = value['message']\n    \n        screen = None  # type: ignore[assignment]\n        if 'screen' in value:\n            screen = value['screen']\n    \n        stacktrace = None\n        st_value = value.get('stackTrace') or value.get('stacktrace')\n        if st_value:\n            if isinstance(st_value, str):\n                stacktrace = st_value.split('\\n')\n            else:\n                stacktrace = []\n                try:\n                    for frame in st_value:\n                        line = frame.get(\"lineNumber\", \"\")\n                        file = frame.get(\"fileName\", \"<anonymous>\")\n                        if line:\n                            file = f\"{file}:{line}\"\n                        meth = frame.get('methodName', '<anonymous>')\n                        if 'className' in frame:\n                            meth = \"{}.{}\".format(frame['className'], meth)\n                        msg = \"    at %s (%s)\"\n                        msg = msg % (meth, file)\n                        stacktrace.append(msg)\n                except TypeError:\n                    pass\n        if exception_class == UnexpectedAlertPresentException:\n            alert_text = None\n            if 'data' in value:\n                alert_text = value['data'].get('text')\n            elif 'alert' in value:\n                alert_text = value['alert'].get('text')\n            raise exception_class(message, screen, stacktrace, alert_text)  # type: ignore[call-arg]  # mypy is not smart enough here\n>       raise exception_class(message, screen, stacktrace)\nE       selenium.common.exceptions.WebDriverException: Message: unknown error: Chrome failed to start: exited abnormally.\nE         (unknown error: DevToolsActivePort file doesn't exist)\nE         (The process started from chrome location /usr/bin/google-chrome is no longer running, so ChromeDriver is assuming that Chrome has crashed.)\nE       Stacktrace:\nE       #0 0x5580a5ede2a3 <unknown>\nE       #1 0x5580a5c9cf77 <unknown>\nE       #2 0x5580a5cc55f7 <unknown>\nE       #3 0x5580a5cc17d0 <unknown>\nE       #4 0x5580a5d020b7 <unknown>\nE       #5 0x5580a5d01a5f <unknown>\nE       #6 0x5580a5cf9903 <unknown>\nE       #7 0x5580a5cccece <unknown>\nE       #8 0x5580a5ccdfde <unknown>\nE       #9 0x5580a5f2e63e <unknown>\nE       #10 0x5580a5f31b79 <unknown>\nE       #11 0x5580a5f1489e <unknown>\nE       #12 0x5580a5f32a83 <unknown>\nE       #13 0x5580a5f07505 <unknown>\nE       #14 0x5580a5f53ca8 <unknown>\nE       #15 0x5580a5f53e36 <unknown>\nE       #16 0x5580a5f6f333 <unknown>\nE       #17 0x7fa444ae1b43 <unknown>\n\n/opt/hostedtoolcache/Python/3.11.0/x64/lib/python3.11/site-packages/selenium/webdriver/remote/errorhandler.py:243: WebDriverException","flaky":false,"newFailed":false,"newBroken":false,"newPassed":false,"retriesCount":0,"retriesStatusChange":false,"beforeStages":[],"testStage":{"status":"broken","statusMessage":"selenium.common.exceptions.WebDriverException: Message: unknown error: Chrome failed to start: exited abnormally.\n  (unknown error: DevToolsActivePort file doesn't exist)\n  (The process started from chrome location /usr/bin/google-chrome is no longer running, so ChromeDriver is assuming that Chrome has crashed.)\nStacktrace:\n#0 0x5580a5ede2a3 <unknown>\n#1 0x5580a5c9cf77 <unknown>\n#2 0x5580a5cc55f7 <unknown>\n#3 0x5580a5cc17d0 <unknown>\n#4 0x5580a5d020b7 <unknown>\n#5 0x5580a5d01a5f <unknown>\n#6 0x5580a5cf9903 <unknown>\n#7 0x5580a5cccece <unknown>\n#8 0x5580a5ccdfde <unknown>\n#9 0x5580a5f2e63e <unknown>\n#10 0x5580a5f31b79 <unknown>\n#11 0x5580a5f1489e <unknown>\n#12 0x5580a5f32a83 <unknown>\n#13 0x5580a5f07505 <unknown>\n#14 0x5580a5f53ca8 <unknown>\n#15 0x5580a5f53e36 <unknown>\n#16 0x5580a5f6f333 <unknown>\n#17 0x7fa444ae1b43 <unknown>","statusTrace":"def test_decorator_steps():\n>       open_main_page()\n\ntests/test_steps.py:29: \n_ _ _ _ _ _ _ _ _ _ _ _ _ _ _ _ _ _ _ _ _ _ _ _ _ _ _ _ _ _ _ _ _ _ _ _ _ _ _ _ \ntests/test_steps.py:38: in open_main_page\n    browser.open(\"https://github.com\")\n/opt/hostedtoolcache/Python/3.11.0/x64/lib/python3.11/site-packages/selene/support/shared/browser.py:83: in open\n    self.config.get_or_create_driver().get(url)\n/opt/hostedtoolcache/Python/3.11.0/x64/lib/python3.11/site-packages/selene/support/shared/config.py:301: in get_or_create_driver\n    return self._source.get_or_create()\n/opt/hostedtoolcache/Python/3.11.0/x64/lib/python3.11/site-packages/selene/support/shared/config.py:135: in get_or_create\n    return self.create()\n/opt/hostedtoolcache/Python/3.11.0/x64/lib/python3.11/site-packages/selene/support/shared/config.py:116: in create\n    self._stored = self._set_driver()\n/opt/hostedtoolcache/Python/3.11.0/x64/lib/python3.11/site-packages/selene/support/shared/config.py:203: in <lambda>\n    lambda: self._set_drivers_from_webdriver_manager()\n/opt/hostedtoolcache/Python/3.11.0/x64/lib/python3.11/site-packages/selene/support/shared/config.py:277: in _set_drivers_from_webdriver_manager\n    return {\n/opt/hostedtoolcache/Python/3.11.0/x64/lib/python3.11/site-packages/selene/support/shared/config.py:252: in get_chrome\n    return Chrome(\n/opt/hostedtoolcache/Python/3.11.0/x64/lib/python3.11/site-packages/selenium/webdriver/chrome/webdriver.py:69: in __init__\n    super().__init__(DesiredCapabilities.CHROME['browserName'], \"goog\",\n/opt/hostedtoolcache/Python/3.11.0/x64/lib/python3.11/site-packages/selenium/webdriver/chromium/webdriver.py:92: in __init__\n    super().__init__(\n/opt/hostedtoolcache/Python/3.11.0/x64/lib/python3.11/site-packages/selenium/webdriver/remote/webdriver.py:270: in __init__\n    self.start_session(capabilities, browser_profile)\n/opt/hostedtoolcache/Python/3.11.0/x64/lib/python3.11/site-packages/selenium/webdriver/remote/webdriver.py:363: in start_session\n    response = self.execute(Command.NEW_SESSION, parameters)\n/opt/hostedtoolcache/Python/3.11.0/x64/lib/python3.11/site-packages/selenium/webdriver/remote/webdriver.py:428: in execute\n    self.error_handler.check_response(response)\n_ _ _ _ _ _ _ _ _ _ _ _ _ _ _ _ _ _ _ _ _ _ _ _ _ _ _ _ _ _ _ _ _ _ _ _ _ _ _ _ \n\nself = <selenium.webdriver.remote.errorhandler.ErrorHandler object at 0x7fbe981dd4d0>\nresponse = {'status': 500, 'value': '{\"value\":{\"error\":\"unknown error\",\"message\":\"unknown error: Chrome failed to start: exited a...\\\\n#15 0x5580a5f53e36 \\\\u003Cunknown>\\\\n#16 0x5580a5f6f333 \\\\u003Cunknown>\\\\n#17 0x7fa444ae1b43 \\\\u003Cunknown>\\\\n\"}}'}\n\n    def check_response(self, response: Dict[str, Any]) -> None:\n        \"\"\"\n        Checks that a JSON response from the WebDriver does not have an error.\n    \n        :Args:\n         - response - The JSON response from the WebDriver server as a dictionary\n           object.\n    \n        :Raises: If the response contains an error message.\n        \"\"\"\n        status = response.get('status', None)\n        if not status or status == ErrorCode.SUCCESS:\n            return\n        value = None\n        message = response.get(\"message\", \"\")\n        screen: str = response.get(\"screen\", \"\")\n        stacktrace = None\n        if isinstance(status, int):\n            value_json = response.get('value', None)\n            if value_json and isinstance(value_json, str):\n                import json\n                try:\n                    value = json.loads(value_json)\n                    if len(value.keys()) == 1:\n                        value = value['value']\n                    status = value.get('error', None)\n                    if not status:\n                        status = value.get(\"status\", ErrorCode.UNKNOWN_ERROR)\n                        message = value.get(\"value\") or value.get(\"message\")\n                        if not isinstance(message, str):\n                            value = message\n                            message = message.get('message')\n                    else:\n                        message = value.get('message', None)\n                except ValueError:\n                    pass\n    \n        exception_class: Type[WebDriverException]\n        if status in ErrorCode.NO_SUCH_ELEMENT:\n            exception_class = NoSuchElementException\n        elif status in ErrorCode.NO_SUCH_FRAME:\n            exception_class = NoSuchFrameException\n        elif status in ErrorCode.NO_SUCH_SHADOW_ROOT:\n            exception_class = NoSuchShadowRootException\n        elif status in ErrorCode.NO_SUCH_WINDOW:\n            exception_class = NoSuchWindowException\n        elif status in ErrorCode.STALE_ELEMENT_REFERENCE:\n            exception_class = StaleElementReferenceException\n        elif status in ErrorCode.ELEMENT_NOT_VISIBLE:\n            exception_class = ElementNotVisibleException\n        elif status in ErrorCode.INVALID_ELEMENT_STATE:\n            exception_class = InvalidElementStateException\n        elif status in ErrorCode.INVALID_SELECTOR \\\n                or status in ErrorCode.INVALID_XPATH_SELECTOR \\\n                or status in ErrorCode.INVALID_XPATH_SELECTOR_RETURN_TYPER:\n            exception_class = InvalidSelectorException\n        elif status in ErrorCode.ELEMENT_IS_NOT_SELECTABLE:\n            exception_class = ElementNotSelectableException\n        elif status in ErrorCode.ELEMENT_NOT_INTERACTABLE:\n            exception_class = ElementNotInteractableException\n        elif status in ErrorCode.INVALID_COOKIE_DOMAIN:\n            exception_class = InvalidCookieDomainException\n        elif status in ErrorCode.UNABLE_TO_SET_COOKIE:\n            exception_class = UnableToSetCookieException\n        elif status in ErrorCode.TIMEOUT:\n            exception_class = TimeoutException\n        elif status in ErrorCode.SCRIPT_TIMEOUT:\n            exception_class = TimeoutException\n        elif status in ErrorCode.UNKNOWN_ERROR:\n            exception_class = WebDriverException\n        elif status in ErrorCode.UNEXPECTED_ALERT_OPEN:\n            exception_class = UnexpectedAlertPresentException\n        elif status in ErrorCode.NO_ALERT_OPEN:\n            exception_class = NoAlertPresentException\n        elif status in ErrorCode.IME_NOT_AVAILABLE:\n            exception_class = ImeNotAvailableException\n        elif status in ErrorCode.IME_ENGINE_ACTIVATION_FAILED:\n            exception_class = ImeActivationFailedException\n        elif status in ErrorCode.MOVE_TARGET_OUT_OF_BOUNDS:\n            exception_class = MoveTargetOutOfBoundsException\n        elif status in ErrorCode.JAVASCRIPT_ERROR:\n            exception_class = JavascriptException\n        elif status in ErrorCode.SESSION_NOT_CREATED:\n            exception_class = SessionNotCreatedException\n        elif status in ErrorCode.INVALID_ARGUMENT:\n            exception_class = InvalidArgumentException\n        elif status in ErrorCode.NO_SUCH_COOKIE:\n            exception_class = NoSuchCookieException\n        elif status in ErrorCode.UNABLE_TO_CAPTURE_SCREEN:\n            exception_class = ScreenshotException\n        elif status in ErrorCode.ELEMENT_CLICK_INTERCEPTED:\n            exception_class = ElementClickInterceptedException\n        elif status in ErrorCode.INSECURE_CERTIFICATE:\n            exception_class = InsecureCertificateException\n        elif status in ErrorCode.INVALID_COORDINATES:\n            exception_class = InvalidCoordinatesException\n        elif status in ErrorCode.INVALID_SESSION_ID:\n            exception_class = InvalidSessionIdException\n        elif status in ErrorCode.UNKNOWN_METHOD:\n            exception_class = UnknownMethodException\n        else:\n            exception_class = WebDriverException\n        if not value:\n            value = response['value']\n        if isinstance(value, str):\n            raise exception_class(value)\n        if message == \"\" and 'message' in value:\n            message = value['message']\n    \n        screen = None  # type: ignore[assignment]\n        if 'screen' in value:\n            screen = value['screen']\n    \n        stacktrace = None\n        st_value = value.get('stackTrace') or value.get('stacktrace')\n        if st_value:\n            if isinstance(st_value, str):\n                stacktrace = st_value.split('\\n')\n            else:\n                stacktrace = []\n                try:\n                    for frame in st_value:\n                        line = frame.get(\"lineNumber\", \"\")\n                        file = frame.get(\"fileName\", \"<anonymous>\")\n                        if line:\n                            file = f\"{file}:{line}\"\n                        meth = frame.get('methodName', '<anonymous>')\n                        if 'className' in frame:\n                            meth = \"{}.{}\".format(frame['className'], meth)\n                        msg = \"    at %s (%s)\"\n                        msg = msg % (meth, file)\n                        stacktrace.append(msg)\n                except TypeError:\n                    pass\n        if exception_class == UnexpectedAlertPresentException:\n            alert_text = None\n            if 'data' in value:\n                alert_text = value['data'].get('text')\n            elif 'alert' in value:\n                alert_text = value['alert'].get('text')\n            raise exception_class(message, screen, stacktrace, alert_text)  # type: ignore[call-arg]  # mypy is not smart enough here\n>       raise exception_class(message, screen, stacktrace)\nE       selenium.common.exceptions.WebDriverException: Message: unknown error: Chrome failed to start: exited abnormally.\nE         (unknown error: DevToolsActivePort file doesn't exist)\nE         (The process started from chrome location /usr/bin/google-chrome is no longer running, so ChromeDriver is assuming that Chrome has crashed.)\nE       Stacktrace:\nE       #0 0x5580a5ede2a3 <unknown>\nE       #1 0x5580a5c9cf77 <unknown>\nE       #2 0x5580a5cc55f7 <unknown>\nE       #3 0x5580a5cc17d0 <unknown>\nE       #4 0x5580a5d020b7 <unknown>\nE       #5 0x5580a5d01a5f <unknown>\nE       #6 0x5580a5cf9903 <unknown>\nE       #7 0x5580a5cccece <unknown>\nE       #8 0x5580a5ccdfde <unknown>\nE       #9 0x5580a5f2e63e <unknown>\nE       #10 0x5580a5f31b79 <unknown>\nE       #11 0x5580a5f1489e <unknown>\nE       #12 0x5580a5f32a83 <unknown>\nE       #13 0x5580a5f07505 <unknown>\nE       #14 0x5580a5f53ca8 <unknown>\nE       #15 0x5580a5f53e36 <unknown>\nE       #16 0x5580a5f6f333 <unknown>\nE       #17 0x7fa444ae1b43 <unknown>\n\n/opt/hostedtoolcache/Python/3.11.0/x64/lib/python3.11/site-packages/selenium/webdriver/remote/errorhandler.py:243: WebDriverException","steps":[{"name":"Открываем главную страницу","time":{"start":1670966876038,"stop":1670966876813,"duration":775},"status":"broken","statusMessage":"selenium.common.exceptions.WebDriverException: Message: unknown error: Chrome failed to start: exited abnormally.\n  (unknown error: DevToolsActivePort file doesn't exist)\n  (The process started from chrome location /usr/bin/google-chrome is no longer running, so ChromeDriver is assuming that Chrome has crashed.)\nStacktrace:\n#0 0x5580a5ede2a3 <unknown>\n#1 0x5580a5c9cf77 <unknown>\n#2 0x5580a5cc55f7 <unknown>\n#3 0x5580a5cc17d0 <unknown>\n#4 0x5580a5d020b7 <unknown>\n#5 0x5580a5d01a5f <unknown>\n#6 0x5580a5cf9903 <unknown>\n#7 0x5580a5cccece <unknown>\n#8 0x5580a5ccdfde <unknown>\n#9 0x5580a5f2e63e <unknown>\n#10 0x5580a5f31b79 <unknown>\n#11 0x5580a5f1489e <unknown>\n#12 0x5580a5f32a83 <unknown>\n#13 0x5580a5f07505 <unknown>\n#14 0x5580a5f53ca8 <unknown>\n#15 0x5580a5f53e36 <unknown>\n#16 0x5580a5f6f333 <unknown>\n#17 0x7fa444ae1b43 <unknown>\n\n","statusTrace":"  File \"/opt/hostedtoolcache/Python/3.11.0/x64/lib/python3.11/site-packages/allure_commons/_allure.py\", line 192, in impl\n    return func(*a, **kw)\n           ^^^^^^^^^^^^^^\n  File \"/home/runner/work/qa_guru_python_1_7/qa_guru_python_1_7/tests/test_steps.py\", line 38, in open_main_page\n    browser.open(\"https://github.com\")\n  File \"/opt/hostedtoolcache/Python/3.11.0/x64/lib/python3.11/site-packages/selene/support/shared/browser.py\", line 83, in open\n    self.config.get_or_create_driver().get(url)\n    ^^^^^^^^^^^^^^^^^^^^^^^^^^^^^^^^^^\n  File \"/opt/hostedtoolcache/Python/3.11.0/x64/lib/python3.11/site-packages/selene/support/shared/config.py\", line 301, in get_or_create_driver\n    return self._source.get_or_create()\n           ^^^^^^^^^^^^^^^^^^^^^^^^^^^^\n  File \"/opt/hostedtoolcache/Python/3.11.0/x64/lib/python3.11/site-packages/selene/support/shared/config.py\", line 135, in get_or_create\n    return self.create()\n           ^^^^^^^^^^^^^\n  File \"/opt/hostedtoolcache/Python/3.11.0/x64/lib/python3.11/site-packages/selene/support/shared/config.py\", line 116, in create\n    self._stored = self._set_driver()\n                   ^^^^^^^^^^^^^^^^^^\n  File \"/opt/hostedtoolcache/Python/3.11.0/x64/lib/python3.11/site-packages/selene/support/shared/config.py\", line 203, in <lambda>\n    lambda: self._set_drivers_from_webdriver_manager()\n            ^^^^^^^^^^^^^^^^^^^^^^^^^^^^^^^^^^^^^^^^^^\n  File \"/opt/hostedtoolcache/Python/3.11.0/x64/lib/python3.11/site-packages/selene/support/shared/config.py\", line 277, in _set_drivers_from_webdriver_manager\n    return {\n           ^\n  File \"/opt/hostedtoolcache/Python/3.11.0/x64/lib/python3.11/site-packages/selene/support/shared/config.py\", line 252, in get_chrome\n    return Chrome(\n           ^^^^^^^\n  File \"/opt/hostedtoolcache/Python/3.11.0/x64/lib/python3.11/site-packages/selenium/webdriver/chrome/webdriver.py\", line 69, in __init__\n    super().__init__(DesiredCapabilities.CHROME['browserName'], \"goog\",\n  File \"/opt/hostedtoolcache/Python/3.11.0/x64/lib/python3.11/site-packages/selenium/webdriver/chromium/webdriver.py\", line 92, in __init__\n    super().__init__(\n  File \"/opt/hostedtoolcache/Python/3.11.0/x64/lib/python3.11/site-packages/selenium/webdriver/remote/webdriver.py\", line 270, in __init__\n    self.start_session(capabilities, browser_profile)\n  File \"/opt/hostedtoolcache/Python/3.11.0/x64/lib/python3.11/site-packages/selenium/webdriver/remote/webdriver.py\", line 363, in start_session\n    response = self.execute(Command.NEW_SESSION, parameters)\n               ^^^^^^^^^^^^^^^^^^^^^^^^^^^^^^^^^^^^^^^^^^^^^\n  File \"/opt/hostedtoolcache/Python/3.11.0/x64/lib/python3.11/site-packages/selenium/webdriver/remote/webdriver.py\", line 428, in execute\n    self.error_handler.check_response(response)\n  File \"/opt/hostedtoolcache/Python/3.11.0/x64/lib/python3.11/site-packages/selenium/webdriver/remote/errorhandler.py\", line 243, in check_response\n    raise exception_class(message, screen, stacktrace)\n","steps":[],"attachments":[],"parameters":[],"stepsCount":0,"attachmentsCount":0,"shouldDisplayMessage":true,"hasContent":true}],"attachments":[],"parameters":[],"stepsCount":1,"attachmentsCount":0,"shouldDisplayMessage":true,"hasContent":true},"afterStages":[],"labels":[{"name":"parentSuite","value":"tests"},{"name":"suite","value":"test_steps"},{"name":"host","value":"fv-az168-192"},{"name":"thread","value":"2282-MainThread"},{"name":"framework","value":"pytest"},{"name":"language","value":"cpython3"},{"name":"package","value":"tests.test_steps"},{"name":"resultFormat","value":"allure2"}],"parameters":[],"links":[],"hidden":false,"retry":false,"extra":{"severity":"normal","retries":[],"categories":[{"name":"Test defects","matchedStatuses":[],"flaky":false}],"history":{"statistic":{"failed":0,"broken":6,"skipped":0,"passed":0,"unknown":0,"total":6},"items":[{"uid":"ff74055f12949971","reportUrl":"https://Alderon-first.github.io/qa_guru_python_1_7/5//#testresult/ff74055f12949971","status":"broken","statusDetails":"selenium.common.exceptions.WebDriverException: Message: unknown error: Chrome failed to start: exited abnormally.\n  (unknown error: DevToolsActivePort file doesn't exist)\n  (The process started from chrome location /usr/bin/google-chrome is no longer running, so ChromeDriver is assuming that Chrome has crashed.)\nStacktrace:\n#0 0x55739f1b52a3 <unknown>\n#1 0x55739ef73f77 <unknown>\n#2 0x55739ef9c5f7 <unknown>\n#3 0x55739ef987d0 <unknown>\n#4 0x55739efd90b7 <unknown>\n#5 0x55739efd8a5f <unknown>\n#6 0x55739efd0903 <unknown>\n#7 0x55739efa3ece <unknown>\n#8 0x55739efa4fde <unknown>\n#9 0x55739f20563e <unknown>\n#10 0x55739f208b79 <unknown>\n#11 0x55739f1eb89e <unknown>\n#12 0x55739f209a83 <unknown>\n#13 0x55739f1de505 <unknown>\n#14 0x55739f22aca8 <unknown>\n#15 0x55739f22ae36 <unknown>\n#16 0x55739f246333 <unknown>\n#17 0x7fecc6907b43 <unknown>","time":{"start":1670966691101,"stop":1670966691879,"duration":778}},{"uid":"568055216f75f626","reportUrl":"https://Alderon-first.github.io/qa_guru_python_1_7/4//#testresult/568055216f75f626","status":"broken","statusDetails":"selenium.common.exceptions.WebDriverException: Message: unknown error: Chrome failed to start: exited abnormally.\n  (unknown error: DevToolsActivePort file doesn't exist)\n  (The process started from chrome location /usr/bin/google-chrome is no longer running, so ChromeDriver is assuming that Chrome has crashed.)\nStacktrace:\n#0 0x564c7f1fd2a3 <unknown>\n#1 0x564c7efbbf77 <unknown>\n#2 0x564c7efe45f7 <unknown>\n#3 0x564c7efe07d0 <unknown>\n#4 0x564c7f0210b7 <unknown>\n#5 0x564c7f020a5f <unknown>\n#6 0x564c7f018903 <unknown>\n#7 0x564c7efebece <unknown>\n#8 0x564c7efecfde <unknown>\n#9 0x564c7f24d63e <unknown>\n#10 0x564c7f250b79 <unknown>\n#11 0x564c7f23389e <unknown>\n#12 0x564c7f251a83 <unknown>\n#13 0x564c7f226505 <unknown>\n#14 0x564c7f272ca8 <unknown>\n#15 0x564c7f272e36 <unknown>\n#16 0x564c7f28e333 <unknown>\n#17 0x7fe982927b43 <unknown>","time":{"start":1670965676701,"stop":1670965677477,"duration":776}},{"uid":"2cf6d1f9701402c7","reportUrl":"https://Alderon-first.github.io/qa_guru_python_1_7/3//#testresult/2cf6d1f9701402c7","status":"broken","statusDetails":"selenium.common.exceptions.WebDriverException: Message: unknown error: Chrome failed to start: exited abnormally.\n  (unknown error: DevToolsActivePort file doesn't exist)\n  (The process started from chrome location /usr/bin/google-chrome is no longer running, so ChromeDriver is assuming that Chrome has crashed.)\nStacktrace:\n#0 0x55e3b034a2a3 <unknown>\n#1 0x55e3b0108f77 <unknown>\n#2 0x55e3b01315f7 <unknown>\n#3 0x55e3b012d7d0 <unknown>\n#4 0x55e3b016e0b7 <unknown>\n#5 0x55e3b016da5f <unknown>\n#6 0x55e3b0165903 <unknown>\n#7 0x55e3b0138ece <unknown>\n#8 0x55e3b0139fde <unknown>\n#9 0x55e3b039a63e <unknown>\n#10 0x55e3b039db79 <unknown>\n#11 0x55e3b038089e <unknown>\n#12 0x55e3b039ea83 <unknown>\n#13 0x55e3b0373505 <unknown>\n#14 0x55e3b03bfca8 <unknown>\n#15 0x55e3b03bfe36 <unknown>\n#16 0x55e3b03db333 <unknown>\n#17 0x7fa13902bb43 <unknown>","time":{"start":1670961202050,"stop":1670961202850,"duration":800}},{"uid":"90d761711763fa72","reportUrl":"https://Alderon-first.github.io/qa_guru_python_1_7/2//#testresult/90d761711763fa72","status":"broken","statusDetails":"selenium.common.exceptions.WebDriverException: Message: unknown error: Chrome failed to start: exited abnormally.\n  (unknown error: DevToolsActivePort file doesn't exist)\n  (The process started from chrome location /usr/bin/google-chrome is no longer running, so ChromeDriver is assuming that Chrome has crashed.)\nStacktrace:\n#0 0x560e53bae2a3 <unknown>\n#1 0x560e5396cf77 <unknown>\n#2 0x560e539955f7 <unknown>\n#3 0x560e539917d0 <unknown>\n#4 0x560e539d20b7 <unknown>\n#5 0x560e539d1a5f <unknown>\n#6 0x560e539c9903 <unknown>\n#7 0x560e5399cece <unknown>\n#8 0x560e5399dfde <unknown>\n#9 0x560e53bfe63e <unknown>\n#10 0x560e53c01b79 <unknown>\n#11 0x560e53be489e <unknown>\n#12 0x560e53c02a83 <unknown>\n#13 0x560e53bd7505 <unknown>\n#14 0x560e53c23ca8 <unknown>\n#15 0x560e53c23e36 <unknown>\n#16 0x560e53c3f333 <unknown>\n#17 0x7f2de2dceb43 <unknown>","time":{"start":1670961150116,"stop":1670961150904,"duration":788}},{"uid":"1fdfe3240f5126af","reportUrl":"https://Alderon-first.github.io/qa_guru_python_1_7/1//#testresult/1fdfe3240f5126af","status":"broken","statusDetails":"selenium.common.exceptions.WebDriverException: Message: unknown error: Chrome failed to start: exited abnormally.\n  (unknown error: DevToolsActivePort file doesn't exist)\n  (The process started from chrome location /usr/bin/google-chrome is no longer running, so ChromeDriver is assuming that Chrome has crashed.)\nStacktrace:\n#0 0x557fa20582a3 <unknown>\n#1 0x557fa1e16f77 <unknown>\n#2 0x557fa1e3f5f7 <unknown>\n#3 0x557fa1e3b7d0 <unknown>\n#4 0x557fa1e7c0b7 <unknown>\n#5 0x557fa1e7ba5f <unknown>\n#6 0x557fa1e73903 <unknown>\n#7 0x557fa1e46ece <unknown>\n#8 0x557fa1e47fde <unknown>\n#9 0x557fa20a863e <unknown>\n#10 0x557fa20abb79 <unknown>\n#11 0x557fa208e89e <unknown>\n#12 0x557fa20aca83 <unknown>\n#13 0x557fa2081505 <unknown>\n#14 0x557fa20cdca8 <unknown>\n#15 0x557fa20cde36 <unknown>\n#16 0x557fa20e9333 <unknown>\n#17 0x7f91321eeb43 <unknown>","time":{"start":1670956245686,"stop":1670956246492,"duration":806}}]},"tags":[]},"source":"d9525fe2d55587ca.json","parameterValues":[]}