{"uid":"58f5763766a3ff0","name":"test_dynamic_steps","fullName":"tests.test_steps#test_dynamic_steps","historyId":"030d0f8c101a152ea8a3293a775caf95","time":{"start":1671981441779,"stop":1671981442583,"duration":804},"status":"broken","statusMessage":"selenium.common.exceptions.WebDriverException: Message: unknown error: Chrome failed to start: exited abnormally.\n  (unknown error: DevToolsActivePort file doesn't exist)\n  (The process started from chrome location /usr/bin/google-chrome is no longer running, so ChromeDriver is assuming that Chrome has crashed.)\nStacktrace:\n#0 0x55644562d2a3 <unknown>\n#1 0x5564453ebf77 <unknown>\n#2 0x5564454145f7 <unknown>\n#3 0x5564454107d0 <unknown>\n#4 0x5564454510b7 <unknown>\n#5 0x556445450a5f <unknown>\n#6 0x556445448903 <unknown>\n#7 0x55644541bece <unknown>\n#8 0x55644541cfde <unknown>\n#9 0x55644567d63e <unknown>\n#10 0x556445680b79 <unknown>\n#11 0x55644566389e <unknown>\n#12 0x556445681a83 <unknown>\n#13 0x556445656505 <unknown>\n#14 0x5564456a2ca8 <unknown>\n#15 0x5564456a2e36 <unknown>\n#16 0x5564456be333 <unknown>\n#17 0x7f7d60c93b43 <unknown>","statusTrace":"def test_dynamic_steps():\n        with allure.step(\"Открываем главную страницу\"):\n>           browser.open(\"https://github.com\")\n\ntests/test_steps.py:10: \n_ _ _ _ _ _ _ _ _ _ _ _ _ _ _ _ _ _ _ _ _ _ _ _ _ _ _ _ _ _ _ _ _ _ _ _ _ _ _ _ \n/opt/hostedtoolcache/Python/3.11.1/x64/lib/python3.11/site-packages/selene/support/shared/browser.py:68: in open\n    self.config.get_or_create_driver().set_window_size(\n/opt/hostedtoolcache/Python/3.11.1/x64/lib/python3.11/site-packages/selene/support/shared/config.py:301: in get_or_create_driver\n    return self._source.get_or_create()\n/opt/hostedtoolcache/Python/3.11.1/x64/lib/python3.11/site-packages/selene/support/shared/config.py:135: in get_or_create\n    return self.create()\n/opt/hostedtoolcache/Python/3.11.1/x64/lib/python3.11/site-packages/selene/support/shared/config.py:116: in create\n    self._stored = self._set_driver()\n/opt/hostedtoolcache/Python/3.11.1/x64/lib/python3.11/site-packages/selene/support/shared/config.py:312: in <lambda>\n    self.set_driver = lambda: self._set_drivers_from_webdriver_manager()\n/opt/hostedtoolcache/Python/3.11.1/x64/lib/python3.11/site-packages/selene/support/shared/config.py:277: in _set_drivers_from_webdriver_manager\n    return {\n/opt/hostedtoolcache/Python/3.11.1/x64/lib/python3.11/site-packages/selene/support/shared/config.py:252: in get_chrome\n    return Chrome(\n/opt/hostedtoolcache/Python/3.11.1/x64/lib/python3.11/site-packages/selenium/webdriver/chrome/webdriver.py:69: in __init__\n    super().__init__(DesiredCapabilities.CHROME['browserName'], \"goog\",\n/opt/hostedtoolcache/Python/3.11.1/x64/lib/python3.11/site-packages/selenium/webdriver/chromium/webdriver.py:92: in __init__\n    super().__init__(\n/opt/hostedtoolcache/Python/3.11.1/x64/lib/python3.11/site-packages/selenium/webdriver/remote/webdriver.py:270: in __init__\n    self.start_session(capabilities, browser_profile)\n/opt/hostedtoolcache/Python/3.11.1/x64/lib/python3.11/site-packages/selenium/webdriver/remote/webdriver.py:363: in start_session\n    response = self.execute(Command.NEW_SESSION, parameters)\n/opt/hostedtoolcache/Python/3.11.1/x64/lib/python3.11/site-packages/selenium/webdriver/remote/webdriver.py:428: in execute\n    self.error_handler.check_response(response)\n_ _ _ _ _ _ _ _ _ _ _ _ _ _ _ _ _ _ _ _ _ _ _ _ _ _ _ _ _ _ _ _ _ _ _ _ _ _ _ _ \n\nself = <selenium.webdriver.remote.errorhandler.ErrorHandler object at 0x7f87ae017790>\nresponse = {'status': 500, 'value': '{\"value\":{\"error\":\"unknown error\",\"message\":\"unknown error: Chrome failed to start: exited a...\\\\n#15 0x5564456a2e36 \\\\u003Cunknown>\\\\n#16 0x5564456be333 \\\\u003Cunknown>\\\\n#17 0x7f7d60c93b43 \\\\u003Cunknown>\\\\n\"}}'}\n\n    def check_response(self, response: Dict[str, Any]) -> None:\n        \"\"\"\n        Checks that a JSON response from the WebDriver does not have an error.\n    \n        :Args:\n         - response - The JSON response from the WebDriver server as a dictionary\n           object.\n    \n        :Raises: If the response contains an error message.\n        \"\"\"\n        status = response.get('status', None)\n        if not status or status == ErrorCode.SUCCESS:\n            return\n        value = None\n        message = response.get(\"message\", \"\")\n        screen: str = response.get(\"screen\", \"\")\n        stacktrace = None\n        if isinstance(status, int):\n            value_json = response.get('value', None)\n            if value_json and isinstance(value_json, str):\n                import json\n                try:\n                    value = json.loads(value_json)\n                    if len(value.keys()) == 1:\n                        value = value['value']\n                    status = value.get('error', None)\n                    if not status:\n                        status = value.get(\"status\", ErrorCode.UNKNOWN_ERROR)\n                        message = value.get(\"value\") or value.get(\"message\")\n                        if not isinstance(message, str):\n                            value = message\n                            message = message.get('message')\n                    else:\n                        message = value.get('message', None)\n                except ValueError:\n                    pass\n    \n        exception_class: Type[WebDriverException]\n        if status in ErrorCode.NO_SUCH_ELEMENT:\n            exception_class = NoSuchElementException\n        elif status in ErrorCode.NO_SUCH_FRAME:\n            exception_class = NoSuchFrameException\n        elif status in ErrorCode.NO_SUCH_SHADOW_ROOT:\n            exception_class = NoSuchShadowRootException\n        elif status in ErrorCode.NO_SUCH_WINDOW:\n            exception_class = NoSuchWindowException\n        elif status in ErrorCode.STALE_ELEMENT_REFERENCE:\n            exception_class = StaleElementReferenceException\n        elif status in ErrorCode.ELEMENT_NOT_VISIBLE:\n            exception_class = ElementNotVisibleException\n        elif status in ErrorCode.INVALID_ELEMENT_STATE:\n            exception_class = InvalidElementStateException\n        elif status in ErrorCode.INVALID_SELECTOR \\\n                or status in ErrorCode.INVALID_XPATH_SELECTOR \\\n                or status in ErrorCode.INVALID_XPATH_SELECTOR_RETURN_TYPER:\n            exception_class = InvalidSelectorException\n        elif status in ErrorCode.ELEMENT_IS_NOT_SELECTABLE:\n            exception_class = ElementNotSelectableException\n        elif status in ErrorCode.ELEMENT_NOT_INTERACTABLE:\n            exception_class = ElementNotInteractableException\n        elif status in ErrorCode.INVALID_COOKIE_DOMAIN:\n            exception_class = InvalidCookieDomainException\n        elif status in ErrorCode.UNABLE_TO_SET_COOKIE:\n            exception_class = UnableToSetCookieException\n        elif status in ErrorCode.TIMEOUT:\n            exception_class = TimeoutException\n        elif status in ErrorCode.SCRIPT_TIMEOUT:\n            exception_class = TimeoutException\n        elif status in ErrorCode.UNKNOWN_ERROR:\n            exception_class = WebDriverException\n        elif status in ErrorCode.UNEXPECTED_ALERT_OPEN:\n            exception_class = UnexpectedAlertPresentException\n        elif status in ErrorCode.NO_ALERT_OPEN:\n            exception_class = NoAlertPresentException\n        elif status in ErrorCode.IME_NOT_AVAILABLE:\n            exception_class = ImeNotAvailableException\n        elif status in ErrorCode.IME_ENGINE_ACTIVATION_FAILED:\n            exception_class = ImeActivationFailedException\n        elif status in ErrorCode.MOVE_TARGET_OUT_OF_BOUNDS:\n            exception_class = MoveTargetOutOfBoundsException\n        elif status in ErrorCode.JAVASCRIPT_ERROR:\n            exception_class = JavascriptException\n        elif status in ErrorCode.SESSION_NOT_CREATED:\n            exception_class = SessionNotCreatedException\n        elif status in ErrorCode.INVALID_ARGUMENT:\n            exception_class = InvalidArgumentException\n        elif status in ErrorCode.NO_SUCH_COOKIE:\n            exception_class = NoSuchCookieException\n        elif status in ErrorCode.UNABLE_TO_CAPTURE_SCREEN:\n            exception_class = ScreenshotException\n        elif status in ErrorCode.ELEMENT_CLICK_INTERCEPTED:\n            exception_class = ElementClickInterceptedException\n        elif status in ErrorCode.INSECURE_CERTIFICATE:\n            exception_class = InsecureCertificateException\n        elif status in ErrorCode.INVALID_COORDINATES:\n            exception_class = InvalidCoordinatesException\n        elif status in ErrorCode.INVALID_SESSION_ID:\n            exception_class = InvalidSessionIdException\n        elif status in ErrorCode.UNKNOWN_METHOD:\n            exception_class = UnknownMethodException\n        else:\n            exception_class = WebDriverException\n        if not value:\n            value = response['value']\n        if isinstance(value, str):\n            raise exception_class(value)\n        if message == \"\" and 'message' in value:\n            message = value['message']\n    \n        screen = None  # type: ignore[assignment]\n        if 'screen' in value:\n            screen = value['screen']\n    \n        stacktrace = None\n        st_value = value.get('stackTrace') or value.get('stacktrace')\n        if st_value:\n            if isinstance(st_value, str):\n                stacktrace = st_value.split('\\n')\n            else:\n                stacktrace = []\n                try:\n                    for frame in st_value:\n                        line = frame.get(\"lineNumber\", \"\")\n                        file = frame.get(\"fileName\", \"<anonymous>\")\n                        if line:\n                            file = f\"{file}:{line}\"\n                        meth = frame.get('methodName', '<anonymous>')\n                        if 'className' in frame:\n                            meth = \"{}.{}\".format(frame['className'], meth)\n                        msg = \"    at %s (%s)\"\n                        msg = msg % (meth, file)\n                        stacktrace.append(msg)\n                except TypeError:\n                    pass\n        if exception_class == UnexpectedAlertPresentException:\n            alert_text = None\n            if 'data' in value:\n                alert_text = value['data'].get('text')\n            elif 'alert' in value:\n                alert_text = value['alert'].get('text')\n            raise exception_class(message, screen, stacktrace, alert_text)  # type: ignore[call-arg]  # mypy is not smart enough here\n>       raise exception_class(message, screen, stacktrace)\nE       selenium.common.exceptions.WebDriverException: Message: unknown error: Chrome failed to start: exited abnormally.\nE         (unknown error: DevToolsActivePort file doesn't exist)\nE         (The process started from chrome location /usr/bin/google-chrome is no longer running, so ChromeDriver is assuming that Chrome has crashed.)\nE       Stacktrace:\nE       #0 0x55644562d2a3 <unknown>\nE       #1 0x5564453ebf77 <unknown>\nE       #2 0x5564454145f7 <unknown>\nE       #3 0x5564454107d0 <unknown>\nE       #4 0x5564454510b7 <unknown>\nE       #5 0x556445450a5f <unknown>\nE       #6 0x556445448903 <unknown>\nE       #7 0x55644541bece <unknown>\nE       #8 0x55644541cfde <unknown>\nE       #9 0x55644567d63e <unknown>\nE       #10 0x556445680b79 <unknown>\nE       #11 0x55644566389e <unknown>\nE       #12 0x556445681a83 <unknown>\nE       #13 0x556445656505 <unknown>\nE       #14 0x5564456a2ca8 <unknown>\nE       #15 0x5564456a2e36 <unknown>\nE       #16 0x5564456be333 <unknown>\nE       #17 0x7f7d60c93b43 <unknown>\n\n/opt/hostedtoolcache/Python/3.11.1/x64/lib/python3.11/site-packages/selenium/webdriver/remote/errorhandler.py:243: WebDriverException","flaky":false,"newFailed":false,"newBroken":false,"newPassed":false,"retriesCount":0,"retriesStatusChange":false,"beforeStages":[{"name":"browser_managment","time":{"start":1671981441779,"stop":1671981441779,"duration":0},"status":"passed","steps":[],"attachments":[],"parameters":[],"stepsCount":0,"attachmentsCount":0,"shouldDisplayMessage":false,"hasContent":false}],"testStage":{"status":"broken","statusMessage":"selenium.common.exceptions.WebDriverException: Message: unknown error: Chrome failed to start: exited abnormally.\n  (unknown error: DevToolsActivePort file doesn't exist)\n  (The process started from chrome location /usr/bin/google-chrome is no longer running, so ChromeDriver is assuming that Chrome has crashed.)\nStacktrace:\n#0 0x55644562d2a3 <unknown>\n#1 0x5564453ebf77 <unknown>\n#2 0x5564454145f7 <unknown>\n#3 0x5564454107d0 <unknown>\n#4 0x5564454510b7 <unknown>\n#5 0x556445450a5f <unknown>\n#6 0x556445448903 <unknown>\n#7 0x55644541bece <unknown>\n#8 0x55644541cfde <unknown>\n#9 0x55644567d63e <unknown>\n#10 0x556445680b79 <unknown>\n#11 0x55644566389e <unknown>\n#12 0x556445681a83 <unknown>\n#13 0x556445656505 <unknown>\n#14 0x5564456a2ca8 <unknown>\n#15 0x5564456a2e36 <unknown>\n#16 0x5564456be333 <unknown>\n#17 0x7f7d60c93b43 <unknown>","statusTrace":"def test_dynamic_steps():\n        with allure.step(\"Открываем главную страницу\"):\n>           browser.open(\"https://github.com\")\n\ntests/test_steps.py:10: \n_ _ _ _ _ _ _ _ _ _ _ _ _ _ _ _ _ _ _ _ _ _ _ _ _ _ _ _ _ _ _ _ _ _ _ _ _ _ _ _ \n/opt/hostedtoolcache/Python/3.11.1/x64/lib/python3.11/site-packages/selene/support/shared/browser.py:68: in open\n    self.config.get_or_create_driver().set_window_size(\n/opt/hostedtoolcache/Python/3.11.1/x64/lib/python3.11/site-packages/selene/support/shared/config.py:301: in get_or_create_driver\n    return self._source.get_or_create()\n/opt/hostedtoolcache/Python/3.11.1/x64/lib/python3.11/site-packages/selene/support/shared/config.py:135: in get_or_create\n    return self.create()\n/opt/hostedtoolcache/Python/3.11.1/x64/lib/python3.11/site-packages/selene/support/shared/config.py:116: in create\n    self._stored = self._set_driver()\n/opt/hostedtoolcache/Python/3.11.1/x64/lib/python3.11/site-packages/selene/support/shared/config.py:312: in <lambda>\n    self.set_driver = lambda: self._set_drivers_from_webdriver_manager()\n/opt/hostedtoolcache/Python/3.11.1/x64/lib/python3.11/site-packages/selene/support/shared/config.py:277: in _set_drivers_from_webdriver_manager\n    return {\n/opt/hostedtoolcache/Python/3.11.1/x64/lib/python3.11/site-packages/selene/support/shared/config.py:252: in get_chrome\n    return Chrome(\n/opt/hostedtoolcache/Python/3.11.1/x64/lib/python3.11/site-packages/selenium/webdriver/chrome/webdriver.py:69: in __init__\n    super().__init__(DesiredCapabilities.CHROME['browserName'], \"goog\",\n/opt/hostedtoolcache/Python/3.11.1/x64/lib/python3.11/site-packages/selenium/webdriver/chromium/webdriver.py:92: in __init__\n    super().__init__(\n/opt/hostedtoolcache/Python/3.11.1/x64/lib/python3.11/site-packages/selenium/webdriver/remote/webdriver.py:270: in __init__\n    self.start_session(capabilities, browser_profile)\n/opt/hostedtoolcache/Python/3.11.1/x64/lib/python3.11/site-packages/selenium/webdriver/remote/webdriver.py:363: in start_session\n    response = self.execute(Command.NEW_SESSION, parameters)\n/opt/hostedtoolcache/Python/3.11.1/x64/lib/python3.11/site-packages/selenium/webdriver/remote/webdriver.py:428: in execute\n    self.error_handler.check_response(response)\n_ _ _ _ _ _ _ _ _ _ _ _ _ _ _ _ _ _ _ _ _ _ _ _ _ _ _ _ _ _ _ _ _ _ _ _ _ _ _ _ \n\nself = <selenium.webdriver.remote.errorhandler.ErrorHandler object at 0x7f87ae017790>\nresponse = {'status': 500, 'value': '{\"value\":{\"error\":\"unknown error\",\"message\":\"unknown error: Chrome failed to start: exited a...\\\\n#15 0x5564456a2e36 \\\\u003Cunknown>\\\\n#16 0x5564456be333 \\\\u003Cunknown>\\\\n#17 0x7f7d60c93b43 \\\\u003Cunknown>\\\\n\"}}'}\n\n    def check_response(self, response: Dict[str, Any]) -> None:\n        \"\"\"\n        Checks that a JSON response from the WebDriver does not have an error.\n    \n        :Args:\n         - response - The JSON response from the WebDriver server as a dictionary\n           object.\n    \n        :Raises: If the response contains an error message.\n        \"\"\"\n        status = response.get('status', None)\n        if not status or status == ErrorCode.SUCCESS:\n            return\n        value = None\n        message = response.get(\"message\", \"\")\n        screen: str = response.get(\"screen\", \"\")\n        stacktrace = None\n        if isinstance(status, int):\n            value_json = response.get('value', None)\n            if value_json and isinstance(value_json, str):\n                import json\n                try:\n                    value = json.loads(value_json)\n                    if len(value.keys()) == 1:\n                        value = value['value']\n                    status = value.get('error', None)\n                    if not status:\n                        status = value.get(\"status\", ErrorCode.UNKNOWN_ERROR)\n                        message = value.get(\"value\") or value.get(\"message\")\n                        if not isinstance(message, str):\n                            value = message\n                            message = message.get('message')\n                    else:\n                        message = value.get('message', None)\n                except ValueError:\n                    pass\n    \n        exception_class: Type[WebDriverException]\n        if status in ErrorCode.NO_SUCH_ELEMENT:\n            exception_class = NoSuchElementException\n        elif status in ErrorCode.NO_SUCH_FRAME:\n            exception_class = NoSuchFrameException\n        elif status in ErrorCode.NO_SUCH_SHADOW_ROOT:\n            exception_class = NoSuchShadowRootException\n        elif status in ErrorCode.NO_SUCH_WINDOW:\n            exception_class = NoSuchWindowException\n        elif status in ErrorCode.STALE_ELEMENT_REFERENCE:\n            exception_class = StaleElementReferenceException\n        elif status in ErrorCode.ELEMENT_NOT_VISIBLE:\n            exception_class = ElementNotVisibleException\n        elif status in ErrorCode.INVALID_ELEMENT_STATE:\n            exception_class = InvalidElementStateException\n        elif status in ErrorCode.INVALID_SELECTOR \\\n                or status in ErrorCode.INVALID_XPATH_SELECTOR \\\n                or status in ErrorCode.INVALID_XPATH_SELECTOR_RETURN_TYPER:\n            exception_class = InvalidSelectorException\n        elif status in ErrorCode.ELEMENT_IS_NOT_SELECTABLE:\n            exception_class = ElementNotSelectableException\n        elif status in ErrorCode.ELEMENT_NOT_INTERACTABLE:\n            exception_class = ElementNotInteractableException\n        elif status in ErrorCode.INVALID_COOKIE_DOMAIN:\n            exception_class = InvalidCookieDomainException\n        elif status in ErrorCode.UNABLE_TO_SET_COOKIE:\n            exception_class = UnableToSetCookieException\n        elif status in ErrorCode.TIMEOUT:\n            exception_class = TimeoutException\n        elif status in ErrorCode.SCRIPT_TIMEOUT:\n            exception_class = TimeoutException\n        elif status in ErrorCode.UNKNOWN_ERROR:\n            exception_class = WebDriverException\n        elif status in ErrorCode.UNEXPECTED_ALERT_OPEN:\n            exception_class = UnexpectedAlertPresentException\n        elif status in ErrorCode.NO_ALERT_OPEN:\n            exception_class = NoAlertPresentException\n        elif status in ErrorCode.IME_NOT_AVAILABLE:\n            exception_class = ImeNotAvailableException\n        elif status in ErrorCode.IME_ENGINE_ACTIVATION_FAILED:\n            exception_class = ImeActivationFailedException\n        elif status in ErrorCode.MOVE_TARGET_OUT_OF_BOUNDS:\n            exception_class = MoveTargetOutOfBoundsException\n        elif status in ErrorCode.JAVASCRIPT_ERROR:\n            exception_class = JavascriptException\n        elif status in ErrorCode.SESSION_NOT_CREATED:\n            exception_class = SessionNotCreatedException\n        elif status in ErrorCode.INVALID_ARGUMENT:\n            exception_class = InvalidArgumentException\n        elif status in ErrorCode.NO_SUCH_COOKIE:\n            exception_class = NoSuchCookieException\n        elif status in ErrorCode.UNABLE_TO_CAPTURE_SCREEN:\n            exception_class = ScreenshotException\n        elif status in ErrorCode.ELEMENT_CLICK_INTERCEPTED:\n            exception_class = ElementClickInterceptedException\n        elif status in ErrorCode.INSECURE_CERTIFICATE:\n            exception_class = InsecureCertificateException\n        elif status in ErrorCode.INVALID_COORDINATES:\n            exception_class = InvalidCoordinatesException\n        elif status in ErrorCode.INVALID_SESSION_ID:\n            exception_class = InvalidSessionIdException\n        elif status in ErrorCode.UNKNOWN_METHOD:\n            exception_class = UnknownMethodException\n        else:\n            exception_class = WebDriverException\n        if not value:\n            value = response['value']\n        if isinstance(value, str):\n            raise exception_class(value)\n        if message == \"\" and 'message' in value:\n            message = value['message']\n    \n        screen = None  # type: ignore[assignment]\n        if 'screen' in value:\n            screen = value['screen']\n    \n        stacktrace = None\n        st_value = value.get('stackTrace') or value.get('stacktrace')\n        if st_value:\n            if isinstance(st_value, str):\n                stacktrace = st_value.split('\\n')\n            else:\n                stacktrace = []\n                try:\n                    for frame in st_value:\n                        line = frame.get(\"lineNumber\", \"\")\n                        file = frame.get(\"fileName\", \"<anonymous>\")\n                        if line:\n                            file = f\"{file}:{line}\"\n                        meth = frame.get('methodName', '<anonymous>')\n                        if 'className' in frame:\n                            meth = \"{}.{}\".format(frame['className'], meth)\n                        msg = \"    at %s (%s)\"\n                        msg = msg % (meth, file)\n                        stacktrace.append(msg)\n                except TypeError:\n                    pass\n        if exception_class == UnexpectedAlertPresentException:\n            alert_text = None\n            if 'data' in value:\n                alert_text = value['data'].get('text')\n            elif 'alert' in value:\n                alert_text = value['alert'].get('text')\n            raise exception_class(message, screen, stacktrace, alert_text)  # type: ignore[call-arg]  # mypy is not smart enough here\n>       raise exception_class(message, screen, stacktrace)\nE       selenium.common.exceptions.WebDriverException: Message: unknown error: Chrome failed to start: exited abnormally.\nE         (unknown error: DevToolsActivePort file doesn't exist)\nE         (The process started from chrome location /usr/bin/google-chrome is no longer running, so ChromeDriver is assuming that Chrome has crashed.)\nE       Stacktrace:\nE       #0 0x55644562d2a3 <unknown>\nE       #1 0x5564453ebf77 <unknown>\nE       #2 0x5564454145f7 <unknown>\nE       #3 0x5564454107d0 <unknown>\nE       #4 0x5564454510b7 <unknown>\nE       #5 0x556445450a5f <unknown>\nE       #6 0x556445448903 <unknown>\nE       #7 0x55644541bece <unknown>\nE       #8 0x55644541cfde <unknown>\nE       #9 0x55644567d63e <unknown>\nE       #10 0x556445680b79 <unknown>\nE       #11 0x55644566389e <unknown>\nE       #12 0x556445681a83 <unknown>\nE       #13 0x556445656505 <unknown>\nE       #14 0x5564456a2ca8 <unknown>\nE       #15 0x5564456a2e36 <unknown>\nE       #16 0x5564456be333 <unknown>\nE       #17 0x7f7d60c93b43 <unknown>\n\n/opt/hostedtoolcache/Python/3.11.1/x64/lib/python3.11/site-packages/selenium/webdriver/remote/errorhandler.py:243: WebDriverException","steps":[{"name":"Открываем главную страницу","time":{"start":1671981441779,"stop":1671981442582,"duration":803},"status":"broken","statusMessage":"selenium.common.exceptions.WebDriverException: Message: unknown error: Chrome failed to start: exited abnormally.\n  (unknown error: DevToolsActivePort file doesn't exist)\n  (The process started from chrome location /usr/bin/google-chrome is no longer running, so ChromeDriver is assuming that Chrome has crashed.)\nStacktrace:\n#0 0x55644562d2a3 <unknown>\n#1 0x5564453ebf77 <unknown>\n#2 0x5564454145f7 <unknown>\n#3 0x5564454107d0 <unknown>\n#4 0x5564454510b7 <unknown>\n#5 0x556445450a5f <unknown>\n#6 0x556445448903 <unknown>\n#7 0x55644541bece <unknown>\n#8 0x55644541cfde <unknown>\n#9 0x55644567d63e <unknown>\n#10 0x556445680b79 <unknown>\n#11 0x55644566389e <unknown>\n#12 0x556445681a83 <unknown>\n#13 0x556445656505 <unknown>\n#14 0x5564456a2ca8 <unknown>\n#15 0x5564456a2e36 <unknown>\n#16 0x5564456be333 <unknown>\n#17 0x7f7d60c93b43 <unknown>\n\n","statusTrace":"  File \"/home/runner/work/qa_guru_python_1_7/qa_guru_python_1_7/tests/test_steps.py\", line 10, in test_dynamic_steps\n    browser.open(\"https://github.com\")\n  File \"/opt/hostedtoolcache/Python/3.11.1/x64/lib/python3.11/site-packages/selene/support/shared/browser.py\", line 68, in open\n    self.config.get_or_create_driver().set_window_size(\n    ^^^^^^^^^^^^^^^^^^^^^^^^^^^^^^^^^^\n  File \"/opt/hostedtoolcache/Python/3.11.1/x64/lib/python3.11/site-packages/selene/support/shared/config.py\", line 301, in get_or_create_driver\n    return self._source.get_or_create()\n           ^^^^^^^^^^^^^^^^^^^^^^^^^^^^\n  File \"/opt/hostedtoolcache/Python/3.11.1/x64/lib/python3.11/site-packages/selene/support/shared/config.py\", line 135, in get_or_create\n    return self.create()\n           ^^^^^^^^^^^^^\n  File \"/opt/hostedtoolcache/Python/3.11.1/x64/lib/python3.11/site-packages/selene/support/shared/config.py\", line 116, in create\n    self._stored = self._set_driver()\n                   ^^^^^^^^^^^^^^^^^^\n  File \"/opt/hostedtoolcache/Python/3.11.1/x64/lib/python3.11/site-packages/selene/support/shared/config.py\", line 312, in <lambda>\n    self.set_driver = lambda: self._set_drivers_from_webdriver_manager()\n                              ^^^^^^^^^^^^^^^^^^^^^^^^^^^^^^^^^^^^^^^^^^\n  File \"/opt/hostedtoolcache/Python/3.11.1/x64/lib/python3.11/site-packages/selene/support/shared/config.py\", line 277, in _set_drivers_from_webdriver_manager\n    return {\n           ^\n  File \"/opt/hostedtoolcache/Python/3.11.1/x64/lib/python3.11/site-packages/selene/support/shared/config.py\", line 252, in get_chrome\n    return Chrome(\n           ^^^^^^^\n  File \"/opt/hostedtoolcache/Python/3.11.1/x64/lib/python3.11/site-packages/selenium/webdriver/chrome/webdriver.py\", line 69, in __init__\n    super().__init__(DesiredCapabilities.CHROME['browserName'], \"goog\",\n  File \"/opt/hostedtoolcache/Python/3.11.1/x64/lib/python3.11/site-packages/selenium/webdriver/chromium/webdriver.py\", line 92, in __init__\n    super().__init__(\n  File \"/opt/hostedtoolcache/Python/3.11.1/x64/lib/python3.11/site-packages/selenium/webdriver/remote/webdriver.py\", line 270, in __init__\n    self.start_session(capabilities, browser_profile)\n  File \"/opt/hostedtoolcache/Python/3.11.1/x64/lib/python3.11/site-packages/selenium/webdriver/remote/webdriver.py\", line 363, in start_session\n    response = self.execute(Command.NEW_SESSION, parameters)\n               ^^^^^^^^^^^^^^^^^^^^^^^^^^^^^^^^^^^^^^^^^^^^^\n  File \"/opt/hostedtoolcache/Python/3.11.1/x64/lib/python3.11/site-packages/selenium/webdriver/remote/webdriver.py\", line 428, in execute\n    self.error_handler.check_response(response)\n  File \"/opt/hostedtoolcache/Python/3.11.1/x64/lib/python3.11/site-packages/selenium/webdriver/remote/errorhandler.py\", line 243, in check_response\n    raise exception_class(message, screen, stacktrace)\n","steps":[],"attachments":[],"parameters":[],"stepsCount":0,"attachmentsCount":0,"shouldDisplayMessage":true,"hasContent":true}],"attachments":[],"parameters":[],"stepsCount":1,"attachmentsCount":0,"shouldDisplayMessage":true,"hasContent":true},"afterStages":[{"name":"browser_managment::0","time":{"start":1671981442656,"stop":1671981442656,"duration":0},"status":"passed","steps":[],"attachments":[],"parameters":[],"stepsCount":0,"attachmentsCount":0,"shouldDisplayMessage":false,"hasContent":false}],"labels":[{"name":"parentSuite","value":"tests"},{"name":"suite","value":"test_steps"},{"name":"host","value":"fv-az175-990"},{"name":"thread","value":"2304-MainThread"},{"name":"framework","value":"pytest"},{"name":"language","value":"cpython3"},{"name":"package","value":"tests.test_steps"},{"name":"resultFormat","value":"allure2"}],"parameters":[],"links":[],"hidden":false,"retry":false,"extra":{"severity":"normal","retries":[],"categories":[{"name":"Test defects","matchedStatuses":[],"flaky":false}],"history":{"statistic":{"failed":0,"broken":10,"skipped":0,"passed":0,"unknown":0,"total":10},"items":[{"uid":"75914d21cd4c0fef","reportUrl":"https://Alderon-first.github.io/qa_guru_python_1_7/8//#testresult/75914d21cd4c0fef","status":"broken","statusDetails":"selenium.common.exceptions.WebDriverException: Message: unknown error: Chrome failed to start: exited abnormally.\n  (unknown error: DevToolsActivePort file doesn't exist)\n  (The process started from chrome location /usr/bin/google-chrome is no longer running, so ChromeDriver is assuming that Chrome has crashed.)\nStacktrace:\n#0 0x5647ef35a2a3 <unknown>\n#1 0x5647ef118f77 <unknown>\n#2 0x5647ef1415f7 <unknown>\n#3 0x5647ef13d7d0 <unknown>\n#4 0x5647ef17e0b7 <unknown>\n#5 0x5647ef17da5f <unknown>\n#6 0x5647ef175903 <unknown>\n#7 0x5647ef148ece <unknown>\n#8 0x5647ef149fde <unknown>\n#9 0x5647ef3aa63e <unknown>\n#10 0x5647ef3adb79 <unknown>\n#11 0x5647ef39089e <unknown>\n#12 0x5647ef3aea83 <unknown>\n#13 0x5647ef383505 <unknown>\n#14 0x5647ef3cfca8 <unknown>\n#15 0x5647ef3cfe36 <unknown>\n#16 0x5647ef3eb333 <unknown>\n#17 0x7f3c72fc2b43 <unknown>","time":{"start":1671014276346,"stop":1671014277124,"duration":778}},{"uid":"9a23bca877e9f170","reportUrl":"https://Alderon-first.github.io/qa_guru_python_1_7/7//#testresult/9a23bca877e9f170","status":"broken","statusDetails":"selenium.common.exceptions.WebDriverException: Message: unknown error: Chrome failed to start: exited abnormally.\n  (unknown error: DevToolsActivePort file doesn't exist)\n  (The process started from chrome location /usr/bin/google-chrome is no longer running, so ChromeDriver is assuming that Chrome has crashed.)\nStacktrace:\n#0 0x56159e4ec2a3 <unknown>\n#1 0x56159e2aaf77 <unknown>\n#2 0x56159e2d35f7 <unknown>\n#3 0x56159e2cf7d0 <unknown>\n#4 0x56159e3100b7 <unknown>\n#5 0x56159e30fa5f <unknown>\n#6 0x56159e307903 <unknown>\n#7 0x56159e2daece <unknown>\n#8 0x56159e2dbfde <unknown>\n#9 0x56159e53c63e <unknown>\n#10 0x56159e53fb79 <unknown>\n#11 0x56159e52289e <unknown>\n#12 0x56159e540a83 <unknown>\n#13 0x56159e515505 <unknown>\n#14 0x56159e561ca8 <unknown>\n#15 0x56159e561e36 <unknown>\n#16 0x56159e57d333 <unknown>\n#17 0x7f78cb01db43 <unknown>","time":{"start":1671013874630,"stop":1671013875426,"duration":796}},{"uid":"ef64035158f85601","reportUrl":"https://Alderon-first.github.io/qa_guru_python_1_7/6//#testresult/ef64035158f85601","status":"broken","statusDetails":"selenium.common.exceptions.WebDriverException: Message: unknown error: Chrome failed to start: exited abnormally.\n  (unknown error: DevToolsActivePort file doesn't exist)\n  (The process started from chrome location /usr/bin/google-chrome is no longer running, so ChromeDriver is assuming that Chrome has crashed.)\nStacktrace:\n#0 0x558fbc8612a3 <unknown>\n#1 0x558fbc61ff77 <unknown>\n#2 0x558fbc6485f7 <unknown>\n#3 0x558fbc6447d0 <unknown>\n#4 0x558fbc6850b7 <unknown>\n#5 0x558fbc684a5f <unknown>\n#6 0x558fbc67c903 <unknown>\n#7 0x558fbc64fece <unknown>\n#8 0x558fbc650fde <unknown>\n#9 0x558fbc8b163e <unknown>\n#10 0x558fbc8b4b79 <unknown>\n#11 0x558fbc89789e <unknown>\n#12 0x558fbc8b5a83 <unknown>\n#13 0x558fbc88a505 <unknown>\n#14 0x558fbc8d6ca8 <unknown>\n#15 0x558fbc8d6e36 <unknown>\n#16 0x558fbc8f2333 <unknown>\n#17 0x7faaf3294b43 <unknown>","time":{"start":1670970024060,"stop":1670970024897,"duration":837}},{"uid":"38439516ee097842","reportUrl":"https://Alderon-first.github.io/qa_guru_python_1_7/5//#testresult/38439516ee097842","status":"broken","statusDetails":"selenium.common.exceptions.WebDriverException: Message: unknown error: Chrome failed to start: exited abnormally.\n  (unknown error: DevToolsActivePort file doesn't exist)\n  (The process started from chrome location /usr/bin/google-chrome is no longer running, so ChromeDriver is assuming that Chrome has crashed.)\nStacktrace:\n#0 0x556898ea82a3 <unknown>\n#1 0x556898c66f77 <unknown>\n#2 0x556898c8f5f7 <unknown>\n#3 0x556898c8b7d0 <unknown>\n#4 0x556898ccc0b7 <unknown>\n#5 0x556898ccba5f <unknown>\n#6 0x556898cc3903 <unknown>\n#7 0x556898c96ece <unknown>\n#8 0x556898c97fde <unknown>\n#9 0x556898ef863e <unknown>\n#10 0x556898efbb79 <unknown>\n#11 0x556898ede89e <unknown>\n#12 0x556898efca83 <unknown>\n#13 0x556898ed1505 <unknown>\n#14 0x556898f1dca8 <unknown>\n#15 0x556898f1de36 <unknown>\n#16 0x556898f39333 <unknown>\n#17 0x7f4f71d94b43 <unknown>","time":{"start":1670966875198,"stop":1670966875982,"duration":784}},{"uid":"b69d829383539f5c","reportUrl":"https://Alderon-first.github.io/qa_guru_python_1_7/5//#testresult/b69d829383539f5c","status":"broken","statusDetails":"selenium.common.exceptions.WebDriverException: Message: unknown error: Chrome failed to start: exited abnormally.\n  (unknown error: DevToolsActivePort file doesn't exist)\n  (The process started from chrome location /usr/bin/google-chrome is no longer running, so ChromeDriver is assuming that Chrome has crashed.)\nStacktrace:\n#0 0x55680a5432a3 <unknown>\n#1 0x55680a301f77 <unknown>\n#2 0x55680a32a5f7 <unknown>\n#3 0x55680a3267d0 <unknown>\n#4 0x55680a3670b7 <unknown>\n#5 0x55680a366a5f <unknown>\n#6 0x55680a35e903 <unknown>\n#7 0x55680a331ece <unknown>\n#8 0x55680a332fde <unknown>\n#9 0x55680a59363e <unknown>\n#10 0x55680a596b79 <unknown>\n#11 0x55680a57989e <unknown>\n#12 0x55680a597a83 <unknown>\n#13 0x55680a56c505 <unknown>\n#14 0x55680a5b8ca8 <unknown>\n#15 0x55680a5b8e36 <unknown>\n#16 0x55680a5d4333 <unknown>\n#17 0x7f5c6f8e2b43 <unknown>","time":{"start":1670966690253,"stop":1670966691046,"duration":793}},{"uid":"15fc8cc93cef297a","reportUrl":"https://Alderon-first.github.io/qa_guru_python_1_7/4//#testresult/15fc8cc93cef297a","status":"broken","statusDetails":"selenium.common.exceptions.WebDriverException: Message: unknown error: Chrome failed to start: exited abnormally.\n  (unknown error: DevToolsActivePort file doesn't exist)\n  (The process started from chrome location /usr/bin/google-chrome is no longer running, so ChromeDriver is assuming that Chrome has crashed.)\nStacktrace:\n#0 0x55e038e2a2a3 <unknown>\n#1 0x55e038be8f77 <unknown>\n#2 0x55e038c115f7 <unknown>\n#3 0x55e038c0d7d0 <unknown>\n#4 0x55e038c4e0b7 <unknown>\n#5 0x55e038c4da5f <unknown>\n#6 0x55e038c45903 <unknown>\n#7 0x55e038c18ece <unknown>\n#8 0x55e038c19fde <unknown>\n#9 0x55e038e7a63e <unknown>\n#10 0x55e038e7db79 <unknown>\n#11 0x55e038e6089e <unknown>\n#12 0x55e038e7ea83 <unknown>\n#13 0x55e038e53505 <unknown>\n#14 0x55e038e9fca8 <unknown>\n#15 0x55e038e9fe36 <unknown>\n#16 0x55e038ebb333 <unknown>\n#17 0x7f4b35800b43 <unknown>","time":{"start":1670965675825,"stop":1670965676647,"duration":822}},{"uid":"3f204bde2fed2cab","reportUrl":"https://Alderon-first.github.io/qa_guru_python_1_7/3//#testresult/3f204bde2fed2cab","status":"broken","statusDetails":"selenium.common.exceptions.WebDriverException: Message: unknown error: Chrome failed to start: exited abnormally.\n  (unknown error: DevToolsActivePort file doesn't exist)\n  (The process started from chrome location /usr/bin/google-chrome is no longer running, so ChromeDriver is assuming that Chrome has crashed.)\nStacktrace:\n#0 0x556ea1c302a3 <unknown>\n#1 0x556ea19eef77 <unknown>\n#2 0x556ea1a175f7 <unknown>\n#3 0x556ea1a137d0 <unknown>\n#4 0x556ea1a540b7 <unknown>\n#5 0x556ea1a53a5f <unknown>\n#6 0x556ea1a4b903 <unknown>\n#7 0x556ea1a1eece <unknown>\n#8 0x556ea1a1ffde <unknown>\n#9 0x556ea1c8063e <unknown>\n#10 0x556ea1c83b79 <unknown>\n#11 0x556ea1c6689e <unknown>\n#12 0x556ea1c84a83 <unknown>\n#13 0x556ea1c59505 <unknown>\n#14 0x556ea1ca5ca8 <unknown>\n#15 0x556ea1ca5e36 <unknown>\n#16 0x556ea1cc1333 <unknown>\n#17 0x7f068dccdb43 <unknown>","time":{"start":1670961201163,"stop":1670961201984,"duration":821}},{"uid":"bbd9df817ea19ea","reportUrl":"https://Alderon-first.github.io/qa_guru_python_1_7/2//#testresult/bbd9df817ea19ea","status":"broken","statusDetails":"selenium.common.exceptions.WebDriverException: Message: unknown error: Chrome failed to start: exited abnormally.\n  (unknown error: DevToolsActivePort file doesn't exist)\n  (The process started from chrome location /usr/bin/google-chrome is no longer running, so ChromeDriver is assuming that Chrome has crashed.)\nStacktrace:\n#0 0x55efa06c52a3 <unknown>\n#1 0x55efa0483f77 <unknown>\n#2 0x55efa04ac5f7 <unknown>\n#3 0x55efa04a87d0 <unknown>\n#4 0x55efa04e90b7 <unknown>\n#5 0x55efa04e8a5f <unknown>\n#6 0x55efa04e0903 <unknown>\n#7 0x55efa04b3ece <unknown>\n#8 0x55efa04b4fde <unknown>\n#9 0x55efa071563e <unknown>\n#10 0x55efa0718b79 <unknown>\n#11 0x55efa06fb89e <unknown>\n#12 0x55efa0719a83 <unknown>\n#13 0x55efa06ee505 <unknown>\n#14 0x55efa073aca8 <unknown>\n#15 0x55efa073ae36 <unknown>\n#16 0x55efa0756333 <unknown>\n#17 0x7f4e1a81bb43 <unknown>","time":{"start":1670961149268,"stop":1670961150061,"duration":793}},{"uid":"562b018164be3282","reportUrl":"https://Alderon-first.github.io/qa_guru_python_1_7/1//#testresult/562b018164be3282","status":"broken","statusDetails":"selenium.common.exceptions.WebDriverException: Message: unknown error: Chrome failed to start: exited abnormally.\n  (unknown error: DevToolsActivePort file doesn't exist)\n  (The process started from chrome location /usr/bin/google-chrome is no longer running, so ChromeDriver is assuming that Chrome has crashed.)\nStacktrace:\n#0 0x5579e5c522a3 <unknown>\n#1 0x5579e5a10f77 <unknown>\n#2 0x5579e5a395f7 <unknown>\n#3 0x5579e5a357d0 <unknown>\n#4 0x5579e5a760b7 <unknown>\n#5 0x5579e5a75a5f <unknown>\n#6 0x5579e5a6d903 <unknown>\n#7 0x5579e5a40ece <unknown>\n#8 0x5579e5a41fde <unknown>\n#9 0x5579e5ca263e <unknown>\n#10 0x5579e5ca5b79 <unknown>\n#11 0x5579e5c8889e <unknown>\n#12 0x5579e5ca6a83 <unknown>\n#13 0x5579e5c7b505 <unknown>\n#14 0x5579e5cc7ca8 <unknown>\n#15 0x5579e5cc7e36 <unknown>\n#16 0x5579e5ce3333 <unknown>\n#17 0x7f44b638cb43 <unknown>","time":{"start":1670956244802,"stop":1670956245620,"duration":818}}]},"tags":[]},"source":"58f5763766a3ff0.json","parameterValues":[]}