{"uid":"e444fe67136b6c70","name":"test_dynamic_steps","fullName":"tests.test_homework#test_dynamic_steps","historyId":"a3733843af33813ba4dbb2d8b979d219","time":{"start":1671981439118,"stop":1671981439961,"duration":843},"status":"broken","statusMessage":"selenium.common.exceptions.WebDriverException: Message: unknown error: Chrome failed to start: exited abnormally.\n  (unknown error: DevToolsActivePort file doesn't exist)\n  (The process started from chrome location /usr/bin/google-chrome is no longer running, so ChromeDriver is assuming that Chrome has crashed.)\nStacktrace:\n#0 0x5576708912a3 <unknown>\n#1 0x55767064ff77 <unknown>\n#2 0x5576706785f7 <unknown>\n#3 0x5576706747d0 <unknown>\n#4 0x5576706b50b7 <unknown>\n#5 0x5576706b4a5f <unknown>\n#6 0x5576706ac903 <unknown>\n#7 0x55767067fece <unknown>\n#8 0x557670680fde <unknown>\n#9 0x5576708e163e <unknown>\n#10 0x5576708e4b79 <unknown>\n#11 0x5576708c789e <unknown>\n#12 0x5576708e5a83 <unknown>\n#13 0x5576708ba505 <unknown>\n#14 0x557670906ca8 <unknown>\n#15 0x557670906e36 <unknown>\n#16 0x557670922333 <unknown>\n#17 0x7fe70a9d0b43 <unknown>","statusTrace":"@allure.tag(\"web\")\n    @allure.severity(Severity.BLOCKER)\n    @allure.label(\"owner\", \"ushkoev\")\n    @allure.feature(\"Задача проверки Issue\")\n    @allure.story(\"Проверяем Issue в нашем репозитории_2\")\n    @allure.link(\"https://github.com\", name=\"test\")\n    # тест на селене через лямбда шаги через with allure.step\n    def test_dynamic_steps():\n        with allure.step(\"Открываем главную страницу\"):\n>           browser.open(url)\n\ntests/test_homework.py:41: \n_ _ _ _ _ _ _ _ _ _ _ _ _ _ _ _ _ _ _ _ _ _ _ _ _ _ _ _ _ _ _ _ _ _ _ _ _ _ _ _ \n/opt/hostedtoolcache/Python/3.11.1/x64/lib/python3.11/site-packages/selene/support/shared/browser.py:68: in open\n    self.config.get_or_create_driver().set_window_size(\n/opt/hostedtoolcache/Python/3.11.1/x64/lib/python3.11/site-packages/selene/support/shared/config.py:301: in get_or_create_driver\n    return self._source.get_or_create()\n/opt/hostedtoolcache/Python/3.11.1/x64/lib/python3.11/site-packages/selene/support/shared/config.py:135: in get_or_create\n    return self.create()\n/opt/hostedtoolcache/Python/3.11.1/x64/lib/python3.11/site-packages/selene/support/shared/config.py:116: in create\n    self._stored = self._set_driver()\n/opt/hostedtoolcache/Python/3.11.1/x64/lib/python3.11/site-packages/selene/support/shared/config.py:312: in <lambda>\n    self.set_driver = lambda: self._set_drivers_from_webdriver_manager()\n/opt/hostedtoolcache/Python/3.11.1/x64/lib/python3.11/site-packages/selene/support/shared/config.py:277: in _set_drivers_from_webdriver_manager\n    return {\n/opt/hostedtoolcache/Python/3.11.1/x64/lib/python3.11/site-packages/selene/support/shared/config.py:252: in get_chrome\n    return Chrome(\n/opt/hostedtoolcache/Python/3.11.1/x64/lib/python3.11/site-packages/selenium/webdriver/chrome/webdriver.py:69: in __init__\n    super().__init__(DesiredCapabilities.CHROME['browserName'], \"goog\",\n/opt/hostedtoolcache/Python/3.11.1/x64/lib/python3.11/site-packages/selenium/webdriver/chromium/webdriver.py:92: in __init__\n    super().__init__(\n/opt/hostedtoolcache/Python/3.11.1/x64/lib/python3.11/site-packages/selenium/webdriver/remote/webdriver.py:270: in __init__\n    self.start_session(capabilities, browser_profile)\n/opt/hostedtoolcache/Python/3.11.1/x64/lib/python3.11/site-packages/selenium/webdriver/remote/webdriver.py:363: in start_session\n    response = self.execute(Command.NEW_SESSION, parameters)\n/opt/hostedtoolcache/Python/3.11.1/x64/lib/python3.11/site-packages/selenium/webdriver/remote/webdriver.py:428: in execute\n    self.error_handler.check_response(response)\n_ _ _ _ _ _ _ _ _ _ _ _ _ _ _ _ _ _ _ _ _ _ _ _ _ _ _ _ _ _ _ _ _ _ _ _ _ _ _ _ \n\nself = <selenium.webdriver.remote.errorhandler.ErrorHandler object at 0x7f87acdfdf10>\nresponse = {'status': 500, 'value': '{\"value\":{\"error\":\"unknown error\",\"message\":\"unknown error: Chrome failed to start: exited a...\\\\n#15 0x557670906e36 \\\\u003Cunknown>\\\\n#16 0x557670922333 \\\\u003Cunknown>\\\\n#17 0x7fe70a9d0b43 \\\\u003Cunknown>\\\\n\"}}'}\n\n    def check_response(self, response: Dict[str, Any]) -> None:\n        \"\"\"\n        Checks that a JSON response from the WebDriver does not have an error.\n    \n        :Args:\n         - response - The JSON response from the WebDriver server as a dictionary\n           object.\n    \n        :Raises: If the response contains an error message.\n        \"\"\"\n        status = response.get('status', None)\n        if not status or status == ErrorCode.SUCCESS:\n            return\n        value = None\n        message = response.get(\"message\", \"\")\n        screen: str = response.get(\"screen\", \"\")\n        stacktrace = None\n        if isinstance(status, int):\n            value_json = response.get('value', None)\n            if value_json and isinstance(value_json, str):\n                import json\n                try:\n                    value = json.loads(value_json)\n                    if len(value.keys()) == 1:\n                        value = value['value']\n                    status = value.get('error', None)\n                    if not status:\n                        status = value.get(\"status\", ErrorCode.UNKNOWN_ERROR)\n                        message = value.get(\"value\") or value.get(\"message\")\n                        if not isinstance(message, str):\n                            value = message\n                            message = message.get('message')\n                    else:\n                        message = value.get('message', None)\n                except ValueError:\n                    pass\n    \n        exception_class: Type[WebDriverException]\n        if status in ErrorCode.NO_SUCH_ELEMENT:\n            exception_class = NoSuchElementException\n        elif status in ErrorCode.NO_SUCH_FRAME:\n            exception_class = NoSuchFrameException\n        elif status in ErrorCode.NO_SUCH_SHADOW_ROOT:\n            exception_class = NoSuchShadowRootException\n        elif status in ErrorCode.NO_SUCH_WINDOW:\n            exception_class = NoSuchWindowException\n        elif status in ErrorCode.STALE_ELEMENT_REFERENCE:\n            exception_class = StaleElementReferenceException\n        elif status in ErrorCode.ELEMENT_NOT_VISIBLE:\n            exception_class = ElementNotVisibleException\n        elif status in ErrorCode.INVALID_ELEMENT_STATE:\n            exception_class = InvalidElementStateException\n        elif status in ErrorCode.INVALID_SELECTOR \\\n                or status in ErrorCode.INVALID_XPATH_SELECTOR \\\n                or status in ErrorCode.INVALID_XPATH_SELECTOR_RETURN_TYPER:\n            exception_class = InvalidSelectorException\n        elif status in ErrorCode.ELEMENT_IS_NOT_SELECTABLE:\n            exception_class = ElementNotSelectableException\n        elif status in ErrorCode.ELEMENT_NOT_INTERACTABLE:\n            exception_class = ElementNotInteractableException\n        elif status in ErrorCode.INVALID_COOKIE_DOMAIN:\n            exception_class = InvalidCookieDomainException\n        elif status in ErrorCode.UNABLE_TO_SET_COOKIE:\n            exception_class = UnableToSetCookieException\n        elif status in ErrorCode.TIMEOUT:\n            exception_class = TimeoutException\n        elif status in ErrorCode.SCRIPT_TIMEOUT:\n            exception_class = TimeoutException\n        elif status in ErrorCode.UNKNOWN_ERROR:\n            exception_class = WebDriverException\n        elif status in ErrorCode.UNEXPECTED_ALERT_OPEN:\n            exception_class = UnexpectedAlertPresentException\n        elif status in ErrorCode.NO_ALERT_OPEN:\n            exception_class = NoAlertPresentException\n        elif status in ErrorCode.IME_NOT_AVAILABLE:\n            exception_class = ImeNotAvailableException\n        elif status in ErrorCode.IME_ENGINE_ACTIVATION_FAILED:\n            exception_class = ImeActivationFailedException\n        elif status in ErrorCode.MOVE_TARGET_OUT_OF_BOUNDS:\n            exception_class = MoveTargetOutOfBoundsException\n        elif status in ErrorCode.JAVASCRIPT_ERROR:\n            exception_class = JavascriptException\n        elif status in ErrorCode.SESSION_NOT_CREATED:\n            exception_class = SessionNotCreatedException\n        elif status in ErrorCode.INVALID_ARGUMENT:\n            exception_class = InvalidArgumentException\n        elif status in ErrorCode.NO_SUCH_COOKIE:\n            exception_class = NoSuchCookieException\n        elif status in ErrorCode.UNABLE_TO_CAPTURE_SCREEN:\n            exception_class = ScreenshotException\n        elif status in ErrorCode.ELEMENT_CLICK_INTERCEPTED:\n            exception_class = ElementClickInterceptedException\n        elif status in ErrorCode.INSECURE_CERTIFICATE:\n            exception_class = InsecureCertificateException\n        elif status in ErrorCode.INVALID_COORDINATES:\n            exception_class = InvalidCoordinatesException\n        elif status in ErrorCode.INVALID_SESSION_ID:\n            exception_class = InvalidSessionIdException\n        elif status in ErrorCode.UNKNOWN_METHOD:\n            exception_class = UnknownMethodException\n        else:\n            exception_class = WebDriverException\n        if not value:\n            value = response['value']\n        if isinstance(value, str):\n            raise exception_class(value)\n        if message == \"\" and 'message' in value:\n            message = value['message']\n    \n        screen = None  # type: ignore[assignment]\n        if 'screen' in value:\n            screen = value['screen']\n    \n        stacktrace = None\n        st_value = value.get('stackTrace') or value.get('stacktrace')\n        if st_value:\n            if isinstance(st_value, str):\n                stacktrace = st_value.split('\\n')\n            else:\n                stacktrace = []\n                try:\n                    for frame in st_value:\n                        line = frame.get(\"lineNumber\", \"\")\n                        file = frame.get(\"fileName\", \"<anonymous>\")\n                        if line:\n                            file = f\"{file}:{line}\"\n                        meth = frame.get('methodName', '<anonymous>')\n                        if 'className' in frame:\n                            meth = \"{}.{}\".format(frame['className'], meth)\n                        msg = \"    at %s (%s)\"\n                        msg = msg % (meth, file)\n                        stacktrace.append(msg)\n                except TypeError:\n                    pass\n        if exception_class == UnexpectedAlertPresentException:\n            alert_text = None\n            if 'data' in value:\n                alert_text = value['data'].get('text')\n            elif 'alert' in value:\n                alert_text = value['alert'].get('text')\n            raise exception_class(message, screen, stacktrace, alert_text)  # type: ignore[call-arg]  # mypy is not smart enough here\n>       raise exception_class(message, screen, stacktrace)\nE       selenium.common.exceptions.WebDriverException: Message: unknown error: Chrome failed to start: exited abnormally.\nE         (unknown error: DevToolsActivePort file doesn't exist)\nE         (The process started from chrome location /usr/bin/google-chrome is no longer running, so ChromeDriver is assuming that Chrome has crashed.)\nE       Stacktrace:\nE       #0 0x5576708912a3 <unknown>\nE       #1 0x55767064ff77 <unknown>\nE       #2 0x5576706785f7 <unknown>\nE       #3 0x5576706747d0 <unknown>\nE       #4 0x5576706b50b7 <unknown>\nE       #5 0x5576706b4a5f <unknown>\nE       #6 0x5576706ac903 <unknown>\nE       #7 0x55767067fece <unknown>\nE       #8 0x557670680fde <unknown>\nE       #9 0x5576708e163e <unknown>\nE       #10 0x5576708e4b79 <unknown>\nE       #11 0x5576708c789e <unknown>\nE       #12 0x5576708e5a83 <unknown>\nE       #13 0x5576708ba505 <unknown>\nE       #14 0x557670906ca8 <unknown>\nE       #15 0x557670906e36 <unknown>\nE       #16 0x557670922333 <unknown>\nE       #17 0x7fe70a9d0b43 <unknown>\n\n/opt/hostedtoolcache/Python/3.11.1/x64/lib/python3.11/site-packages/selenium/webdriver/remote/errorhandler.py:243: WebDriverException","flaky":false,"newFailed":false,"newBroken":false,"newPassed":false,"retriesCount":0,"retriesStatusChange":false,"beforeStages":[{"name":"browser_managment","time":{"start":1671981439117,"stop":1671981439117,"duration":0},"status":"passed","steps":[],"attachments":[],"parameters":[],"stepsCount":0,"attachmentsCount":0,"shouldDisplayMessage":false,"hasContent":false}],"testStage":{"status":"broken","statusMessage":"selenium.common.exceptions.WebDriverException: Message: unknown error: Chrome failed to start: exited abnormally.\n  (unknown error: DevToolsActivePort file doesn't exist)\n  (The process started from chrome location /usr/bin/google-chrome is no longer running, so ChromeDriver is assuming that Chrome has crashed.)\nStacktrace:\n#0 0x5576708912a3 <unknown>\n#1 0x55767064ff77 <unknown>\n#2 0x5576706785f7 <unknown>\n#3 0x5576706747d0 <unknown>\n#4 0x5576706b50b7 <unknown>\n#5 0x5576706b4a5f <unknown>\n#6 0x5576706ac903 <unknown>\n#7 0x55767067fece <unknown>\n#8 0x557670680fde <unknown>\n#9 0x5576708e163e <unknown>\n#10 0x5576708e4b79 <unknown>\n#11 0x5576708c789e <unknown>\n#12 0x5576708e5a83 <unknown>\n#13 0x5576708ba505 <unknown>\n#14 0x557670906ca8 <unknown>\n#15 0x557670906e36 <unknown>\n#16 0x557670922333 <unknown>\n#17 0x7fe70a9d0b43 <unknown>","statusTrace":"@allure.tag(\"web\")\n    @allure.severity(Severity.BLOCKER)\n    @allure.label(\"owner\", \"ushkoev\")\n    @allure.feature(\"Задача проверки Issue\")\n    @allure.story(\"Проверяем Issue в нашем репозитории_2\")\n    @allure.link(\"https://github.com\", name=\"test\")\n    # тест на селене через лямбда шаги через with allure.step\n    def test_dynamic_steps():\n        with allure.step(\"Открываем главную страницу\"):\n>           browser.open(url)\n\ntests/test_homework.py:41: \n_ _ _ _ _ _ _ _ _ _ _ _ _ _ _ _ _ _ _ _ _ _ _ _ _ _ _ _ _ _ _ _ _ _ _ _ _ _ _ _ \n/opt/hostedtoolcache/Python/3.11.1/x64/lib/python3.11/site-packages/selene/support/shared/browser.py:68: in open\n    self.config.get_or_create_driver().set_window_size(\n/opt/hostedtoolcache/Python/3.11.1/x64/lib/python3.11/site-packages/selene/support/shared/config.py:301: in get_or_create_driver\n    return self._source.get_or_create()\n/opt/hostedtoolcache/Python/3.11.1/x64/lib/python3.11/site-packages/selene/support/shared/config.py:135: in get_or_create\n    return self.create()\n/opt/hostedtoolcache/Python/3.11.1/x64/lib/python3.11/site-packages/selene/support/shared/config.py:116: in create\n    self._stored = self._set_driver()\n/opt/hostedtoolcache/Python/3.11.1/x64/lib/python3.11/site-packages/selene/support/shared/config.py:312: in <lambda>\n    self.set_driver = lambda: self._set_drivers_from_webdriver_manager()\n/opt/hostedtoolcache/Python/3.11.1/x64/lib/python3.11/site-packages/selene/support/shared/config.py:277: in _set_drivers_from_webdriver_manager\n    return {\n/opt/hostedtoolcache/Python/3.11.1/x64/lib/python3.11/site-packages/selene/support/shared/config.py:252: in get_chrome\n    return Chrome(\n/opt/hostedtoolcache/Python/3.11.1/x64/lib/python3.11/site-packages/selenium/webdriver/chrome/webdriver.py:69: in __init__\n    super().__init__(DesiredCapabilities.CHROME['browserName'], \"goog\",\n/opt/hostedtoolcache/Python/3.11.1/x64/lib/python3.11/site-packages/selenium/webdriver/chromium/webdriver.py:92: in __init__\n    super().__init__(\n/opt/hostedtoolcache/Python/3.11.1/x64/lib/python3.11/site-packages/selenium/webdriver/remote/webdriver.py:270: in __init__\n    self.start_session(capabilities, browser_profile)\n/opt/hostedtoolcache/Python/3.11.1/x64/lib/python3.11/site-packages/selenium/webdriver/remote/webdriver.py:363: in start_session\n    response = self.execute(Command.NEW_SESSION, parameters)\n/opt/hostedtoolcache/Python/3.11.1/x64/lib/python3.11/site-packages/selenium/webdriver/remote/webdriver.py:428: in execute\n    self.error_handler.check_response(response)\n_ _ _ _ _ _ _ _ _ _ _ _ _ _ _ _ _ _ _ _ _ _ _ _ _ _ _ _ _ _ _ _ _ _ _ _ _ _ _ _ \n\nself = <selenium.webdriver.remote.errorhandler.ErrorHandler object at 0x7f87acdfdf10>\nresponse = {'status': 500, 'value': '{\"value\":{\"error\":\"unknown error\",\"message\":\"unknown error: Chrome failed to start: exited a...\\\\n#15 0x557670906e36 \\\\u003Cunknown>\\\\n#16 0x557670922333 \\\\u003Cunknown>\\\\n#17 0x7fe70a9d0b43 \\\\u003Cunknown>\\\\n\"}}'}\n\n    def check_response(self, response: Dict[str, Any]) -> None:\n        \"\"\"\n        Checks that a JSON response from the WebDriver does not have an error.\n    \n        :Args:\n         - response - The JSON response from the WebDriver server as a dictionary\n           object.\n    \n        :Raises: If the response contains an error message.\n        \"\"\"\n        status = response.get('status', None)\n        if not status or status == ErrorCode.SUCCESS:\n            return\n        value = None\n        message = response.get(\"message\", \"\")\n        screen: str = response.get(\"screen\", \"\")\n        stacktrace = None\n        if isinstance(status, int):\n            value_json = response.get('value', None)\n            if value_json and isinstance(value_json, str):\n                import json\n                try:\n                    value = json.loads(value_json)\n                    if len(value.keys()) == 1:\n                        value = value['value']\n                    status = value.get('error', None)\n                    if not status:\n                        status = value.get(\"status\", ErrorCode.UNKNOWN_ERROR)\n                        message = value.get(\"value\") or value.get(\"message\")\n                        if not isinstance(message, str):\n                            value = message\n                            message = message.get('message')\n                    else:\n                        message = value.get('message', None)\n                except ValueError:\n                    pass\n    \n        exception_class: Type[WebDriverException]\n        if status in ErrorCode.NO_SUCH_ELEMENT:\n            exception_class = NoSuchElementException\n        elif status in ErrorCode.NO_SUCH_FRAME:\n            exception_class = NoSuchFrameException\n        elif status in ErrorCode.NO_SUCH_SHADOW_ROOT:\n            exception_class = NoSuchShadowRootException\n        elif status in ErrorCode.NO_SUCH_WINDOW:\n            exception_class = NoSuchWindowException\n        elif status in ErrorCode.STALE_ELEMENT_REFERENCE:\n            exception_class = StaleElementReferenceException\n        elif status in ErrorCode.ELEMENT_NOT_VISIBLE:\n            exception_class = ElementNotVisibleException\n        elif status in ErrorCode.INVALID_ELEMENT_STATE:\n            exception_class = InvalidElementStateException\n        elif status in ErrorCode.INVALID_SELECTOR \\\n                or status in ErrorCode.INVALID_XPATH_SELECTOR \\\n                or status in ErrorCode.INVALID_XPATH_SELECTOR_RETURN_TYPER:\n            exception_class = InvalidSelectorException\n        elif status in ErrorCode.ELEMENT_IS_NOT_SELECTABLE:\n            exception_class = ElementNotSelectableException\n        elif status in ErrorCode.ELEMENT_NOT_INTERACTABLE:\n            exception_class = ElementNotInteractableException\n        elif status in ErrorCode.INVALID_COOKIE_DOMAIN:\n            exception_class = InvalidCookieDomainException\n        elif status in ErrorCode.UNABLE_TO_SET_COOKIE:\n            exception_class = UnableToSetCookieException\n        elif status in ErrorCode.TIMEOUT:\n            exception_class = TimeoutException\n        elif status in ErrorCode.SCRIPT_TIMEOUT:\n            exception_class = TimeoutException\n        elif status in ErrorCode.UNKNOWN_ERROR:\n            exception_class = WebDriverException\n        elif status in ErrorCode.UNEXPECTED_ALERT_OPEN:\n            exception_class = UnexpectedAlertPresentException\n        elif status in ErrorCode.NO_ALERT_OPEN:\n            exception_class = NoAlertPresentException\n        elif status in ErrorCode.IME_NOT_AVAILABLE:\n            exception_class = ImeNotAvailableException\n        elif status in ErrorCode.IME_ENGINE_ACTIVATION_FAILED:\n            exception_class = ImeActivationFailedException\n        elif status in ErrorCode.MOVE_TARGET_OUT_OF_BOUNDS:\n            exception_class = MoveTargetOutOfBoundsException\n        elif status in ErrorCode.JAVASCRIPT_ERROR:\n            exception_class = JavascriptException\n        elif status in ErrorCode.SESSION_NOT_CREATED:\n            exception_class = SessionNotCreatedException\n        elif status in ErrorCode.INVALID_ARGUMENT:\n            exception_class = InvalidArgumentException\n        elif status in ErrorCode.NO_SUCH_COOKIE:\n            exception_class = NoSuchCookieException\n        elif status in ErrorCode.UNABLE_TO_CAPTURE_SCREEN:\n            exception_class = ScreenshotException\n        elif status in ErrorCode.ELEMENT_CLICK_INTERCEPTED:\n            exception_class = ElementClickInterceptedException\n        elif status in ErrorCode.INSECURE_CERTIFICATE:\n            exception_class = InsecureCertificateException\n        elif status in ErrorCode.INVALID_COORDINATES:\n            exception_class = InvalidCoordinatesException\n        elif status in ErrorCode.INVALID_SESSION_ID:\n            exception_class = InvalidSessionIdException\n        elif status in ErrorCode.UNKNOWN_METHOD:\n            exception_class = UnknownMethodException\n        else:\n            exception_class = WebDriverException\n        if not value:\n            value = response['value']\n        if isinstance(value, str):\n            raise exception_class(value)\n        if message == \"\" and 'message' in value:\n            message = value['message']\n    \n        screen = None  # type: ignore[assignment]\n        if 'screen' in value:\n            screen = value['screen']\n    \n        stacktrace = None\n        st_value = value.get('stackTrace') or value.get('stacktrace')\n        if st_value:\n            if isinstance(st_value, str):\n                stacktrace = st_value.split('\\n')\n            else:\n                stacktrace = []\n                try:\n                    for frame in st_value:\n                        line = frame.get(\"lineNumber\", \"\")\n                        file = frame.get(\"fileName\", \"<anonymous>\")\n                        if line:\n                            file = f\"{file}:{line}\"\n                        meth = frame.get('methodName', '<anonymous>')\n                        if 'className' in frame:\n                            meth = \"{}.{}\".format(frame['className'], meth)\n                        msg = \"    at %s (%s)\"\n                        msg = msg % (meth, file)\n                        stacktrace.append(msg)\n                except TypeError:\n                    pass\n        if exception_class == UnexpectedAlertPresentException:\n            alert_text = None\n            if 'data' in value:\n                alert_text = value['data'].get('text')\n            elif 'alert' in value:\n                alert_text = value['alert'].get('text')\n            raise exception_class(message, screen, stacktrace, alert_text)  # type: ignore[call-arg]  # mypy is not smart enough here\n>       raise exception_class(message, screen, stacktrace)\nE       selenium.common.exceptions.WebDriverException: Message: unknown error: Chrome failed to start: exited abnormally.\nE         (unknown error: DevToolsActivePort file doesn't exist)\nE         (The process started from chrome location /usr/bin/google-chrome is no longer running, so ChromeDriver is assuming that Chrome has crashed.)\nE       Stacktrace:\nE       #0 0x5576708912a3 <unknown>\nE       #1 0x55767064ff77 <unknown>\nE       #2 0x5576706785f7 <unknown>\nE       #3 0x5576706747d0 <unknown>\nE       #4 0x5576706b50b7 <unknown>\nE       #5 0x5576706b4a5f <unknown>\nE       #6 0x5576706ac903 <unknown>\nE       #7 0x55767067fece <unknown>\nE       #8 0x557670680fde <unknown>\nE       #9 0x5576708e163e <unknown>\nE       #10 0x5576708e4b79 <unknown>\nE       #11 0x5576708c789e <unknown>\nE       #12 0x5576708e5a83 <unknown>\nE       #13 0x5576708ba505 <unknown>\nE       #14 0x557670906ca8 <unknown>\nE       #15 0x557670906e36 <unknown>\nE       #16 0x557670922333 <unknown>\nE       #17 0x7fe70a9d0b43 <unknown>\n\n/opt/hostedtoolcache/Python/3.11.1/x64/lib/python3.11/site-packages/selenium/webdriver/remote/errorhandler.py:243: WebDriverException","steps":[{"name":"Открываем главную страницу","time":{"start":1671981439118,"stop":1671981439959,"duration":841},"status":"broken","statusMessage":"selenium.common.exceptions.WebDriverException: Message: unknown error: Chrome failed to start: exited abnormally.\n  (unknown error: DevToolsActivePort file doesn't exist)\n  (The process started from chrome location /usr/bin/google-chrome is no longer running, so ChromeDriver is assuming that Chrome has crashed.)\nStacktrace:\n#0 0x5576708912a3 <unknown>\n#1 0x55767064ff77 <unknown>\n#2 0x5576706785f7 <unknown>\n#3 0x5576706747d0 <unknown>\n#4 0x5576706b50b7 <unknown>\n#5 0x5576706b4a5f <unknown>\n#6 0x5576706ac903 <unknown>\n#7 0x55767067fece <unknown>\n#8 0x557670680fde <unknown>\n#9 0x5576708e163e <unknown>\n#10 0x5576708e4b79 <unknown>\n#11 0x5576708c789e <unknown>\n#12 0x5576708e5a83 <unknown>\n#13 0x5576708ba505 <unknown>\n#14 0x557670906ca8 <unknown>\n#15 0x557670906e36 <unknown>\n#16 0x557670922333 <unknown>\n#17 0x7fe70a9d0b43 <unknown>\n\n","statusTrace":"  File \"/home/runner/work/qa_guru_python_1_7/qa_guru_python_1_7/tests/test_homework.py\", line 41, in test_dynamic_steps\n    browser.open(url)\n  File \"/opt/hostedtoolcache/Python/3.11.1/x64/lib/python3.11/site-packages/selene/support/shared/browser.py\", line 68, in open\n    self.config.get_or_create_driver().set_window_size(\n    ^^^^^^^^^^^^^^^^^^^^^^^^^^^^^^^^^^\n  File \"/opt/hostedtoolcache/Python/3.11.1/x64/lib/python3.11/site-packages/selene/support/shared/config.py\", line 301, in get_or_create_driver\n    return self._source.get_or_create()\n           ^^^^^^^^^^^^^^^^^^^^^^^^^^^^\n  File \"/opt/hostedtoolcache/Python/3.11.1/x64/lib/python3.11/site-packages/selene/support/shared/config.py\", line 135, in get_or_create\n    return self.create()\n           ^^^^^^^^^^^^^\n  File \"/opt/hostedtoolcache/Python/3.11.1/x64/lib/python3.11/site-packages/selene/support/shared/config.py\", line 116, in create\n    self._stored = self._set_driver()\n                   ^^^^^^^^^^^^^^^^^^\n  File \"/opt/hostedtoolcache/Python/3.11.1/x64/lib/python3.11/site-packages/selene/support/shared/config.py\", line 312, in <lambda>\n    self.set_driver = lambda: self._set_drivers_from_webdriver_manager()\n                              ^^^^^^^^^^^^^^^^^^^^^^^^^^^^^^^^^^^^^^^^^^\n  File \"/opt/hostedtoolcache/Python/3.11.1/x64/lib/python3.11/site-packages/selene/support/shared/config.py\", line 277, in _set_drivers_from_webdriver_manager\n    return {\n           ^\n  File \"/opt/hostedtoolcache/Python/3.11.1/x64/lib/python3.11/site-packages/selene/support/shared/config.py\", line 252, in get_chrome\n    return Chrome(\n           ^^^^^^^\n  File \"/opt/hostedtoolcache/Python/3.11.1/x64/lib/python3.11/site-packages/selenium/webdriver/chrome/webdriver.py\", line 69, in __init__\n    super().__init__(DesiredCapabilities.CHROME['browserName'], \"goog\",\n  File \"/opt/hostedtoolcache/Python/3.11.1/x64/lib/python3.11/site-packages/selenium/webdriver/chromium/webdriver.py\", line 92, in __init__\n    super().__init__(\n  File \"/opt/hostedtoolcache/Python/3.11.1/x64/lib/python3.11/site-packages/selenium/webdriver/remote/webdriver.py\", line 270, in __init__\n    self.start_session(capabilities, browser_profile)\n  File \"/opt/hostedtoolcache/Python/3.11.1/x64/lib/python3.11/site-packages/selenium/webdriver/remote/webdriver.py\", line 363, in start_session\n    response = self.execute(Command.NEW_SESSION, parameters)\n               ^^^^^^^^^^^^^^^^^^^^^^^^^^^^^^^^^^^^^^^^^^^^^\n  File \"/opt/hostedtoolcache/Python/3.11.1/x64/lib/python3.11/site-packages/selenium/webdriver/remote/webdriver.py\", line 428, in execute\n    self.error_handler.check_response(response)\n  File \"/opt/hostedtoolcache/Python/3.11.1/x64/lib/python3.11/site-packages/selenium/webdriver/remote/errorhandler.py\", line 243, in check_response\n    raise exception_class(message, screen, stacktrace)\n","steps":[],"attachments":[],"parameters":[],"stepsCount":0,"attachmentsCount":0,"shouldDisplayMessage":true,"hasContent":true}],"attachments":[],"parameters":[],"stepsCount":1,"attachmentsCount":0,"shouldDisplayMessage":true,"hasContent":true},"afterStages":[{"name":"browser_managment::0","time":{"start":1671981440031,"stop":1671981440031,"duration":0},"status":"passed","steps":[],"attachments":[],"parameters":[],"stepsCount":0,"attachmentsCount":0,"shouldDisplayMessage":false,"hasContent":false}],"labels":[{"name":"story","value":"Проверяем Issue в нашем репозитории_2"},{"name":"tag","value":"web"},{"name":"feature","value":"Задача проверки Issue"},{"name":"owner","value":"ushkoev"},{"name":"severity","value":"blocker"},{"name":"parentSuite","value":"tests"},{"name":"suite","value":"test_homework"},{"name":"host","value":"fv-az175-990"},{"name":"thread","value":"2304-MainThread"},{"name":"framework","value":"pytest"},{"name":"language","value":"cpython3"},{"name":"package","value":"tests.test_homework"},{"name":"resultFormat","value":"allure2"}],"parameters":[],"links":[{"name":"test","url":"https://github.com","type":"link"}],"hidden":false,"retry":false,"extra":{"severity":"blocker","owner":"ushkoev","retries":[],"categories":[{"name":"Test defects","matchedStatuses":[],"flaky":false}],"history":{"statistic":{"failed":0,"broken":3,"skipped":0,"passed":0,"unknown":0,"total":3},"items":[{"uid":"58eb20b37e8d56f","reportUrl":"https://Alderon-first.github.io/qa_guru_python_1_7/8//#testresult/58eb20b37e8d56f","status":"broken","statusDetails":"selenium.common.exceptions.WebDriverException: Message: unknown error: Chrome failed to start: exited abnormally.\n  (unknown error: DevToolsActivePort file doesn't exist)\n  (The process started from chrome location /usr/bin/google-chrome is no longer running, so ChromeDriver is assuming that Chrome has crashed.)\nStacktrace:\n#0 0x557fb14bd2a3 <unknown>\n#1 0x557fb127bf77 <unknown>\n#2 0x557fb12a45f7 <unknown>\n#3 0x557fb12a07d0 <unknown>\n#4 0x557fb12e10b7 <unknown>\n#5 0x557fb12e0a5f <unknown>\n#6 0x557fb12d8903 <unknown>\n#7 0x557fb12abece <unknown>\n#8 0x557fb12acfde <unknown>\n#9 0x557fb150d63e <unknown>\n#10 0x557fb1510b79 <unknown>\n#11 0x557fb14f389e <unknown>\n#12 0x557fb1511a83 <unknown>\n#13 0x557fb14e6505 <unknown>\n#14 0x557fb1532ca8 <unknown>\n#15 0x557fb1532e36 <unknown>\n#16 0x557fb154e333 <unknown>\n#17 0x7eff308e4b43 <unknown>","time":{"start":1671014273835,"stop":1671014274619,"duration":784}},{"uid":"32860cb31202ad","reportUrl":"https://Alderon-first.github.io/qa_guru_python_1_7/7//#testresult/32860cb31202ad","status":"broken","statusDetails":"selenium.common.exceptions.WebDriverException: Message: unknown error: Chrome failed to start: exited abnormally.\n  (unknown error: DevToolsActivePort file doesn't exist)\n  (The process started from chrome location /usr/bin/google-chrome is no longer running, so ChromeDriver is assuming that Chrome has crashed.)\nStacktrace:\n#0 0x55dfade1f2a3 <unknown>\n#1 0x55dfadbddf77 <unknown>\n#2 0x55dfadc065f7 <unknown>\n#3 0x55dfadc027d0 <unknown>\n#4 0x55dfadc430b7 <unknown>\n#5 0x55dfadc42a5f <unknown>\n#6 0x55dfadc3a903 <unknown>\n#7 0x55dfadc0dece <unknown>\n#8 0x55dfadc0efde <unknown>\n#9 0x55dfade6f63e <unknown>\n#10 0x55dfade72b79 <unknown>\n#11 0x55dfade5589e <unknown>\n#12 0x55dfade73a83 <unknown>\n#13 0x55dfade48505 <unknown>\n#14 0x55dfade94ca8 <unknown>\n#15 0x55dfade94e36 <unknown>\n#16 0x55dfadeb0333 <unknown>\n#17 0x7f08423dcb43 <unknown>","time":{"start":1671013871997,"stop":1671013872831,"duration":834}}]},"tags":["web"]},"source":"e444fe67136b6c70.json","parameterValues":[]}